[2024-10-19 00:15:45 +0000] [2619] [INFO] Starting gunicorn 23.0.0
[2024-10-19 00:15:45 +0000] [2619] [INFO] Listening at: unix:peak2.sock (2619)
[2024-10-19 00:15:45 +0000] [2619] [INFO] Using worker: sync
[2024-10-19 00:15:45 +0000] [2620] [INFO] Booting worker with pid: 2620
[2024-10-19 00:15:45 +0000] [2621] [INFO] Booting worker with pid: 2621
[2024-10-19 00:15:45 +0000] [2622] [INFO] Booting worker with pid: 2622
[2024-10-19 00:27:14 +0000] [2619] [INFO] Handling signal: term
[2024-10-19 00:27:14 +0000] [2620] [INFO] Worker exiting (pid: 2620)
[2024-10-19 00:27:14 +0000] [2621] [INFO] Worker exiting (pid: 2621)
[2024-10-19 00:27:14 +0000] [2622] [INFO] Worker exiting (pid: 2622)
[2024-10-19 00:27:15 +0000] [2619] [INFO] Shutting down: Master
[2024-10-19 00:27:15 +0000] [2758] [INFO] Starting gunicorn 23.0.0
[2024-10-19 00:27:15 +0000] [2758] [INFO] Listening at: unix:peak2.sock (2758)
[2024-10-19 00:27:15 +0000] [2758] [INFO] Using worker: sync
[2024-10-19 00:27:15 +0000] [2759] [INFO] Booting worker with pid: 2759
[2024-10-19 00:27:15 +0000] [2760] [INFO] Booting worker with pid: 2760
[2024-10-19 00:27:15 +0000] [2761] [INFO] Booting worker with pid: 2761
[2024-10-19 00:27:15 +0000] [2759] [ERROR] Exception in worker process
Traceback (most recent call last):
  File "/home/rbradley/FlaskApp/flaskapp/lib/python3.12/site-packages/gunicorn/arbiter.py", line 608, in spawn_worker
    worker.init_process()
  File "/home/rbradley/FlaskApp/flaskapp/lib/python3.12/site-packages/gunicorn/workers/base.py", line 135, in init_process
    self.load_wsgi()
  File "/home/rbradley/FlaskApp/flaskapp/lib/python3.12/site-packages/gunicorn/workers/base.py", line 147, in load_wsgi
    self.wsgi = self.app.wsgi()
                ^^^^^^^^^^^^^^^
  File "/home/rbradley/FlaskApp/flaskapp/lib/python3.12/site-packages/gunicorn/app/base.py", line 66, in wsgi
    self.callable = self.load()
                    ^^^^^^^^^^^
  File "/home/rbradley/FlaskApp/flaskapp/lib/python3.12/site-packages/gunicorn/app/wsgiapp.py", line 57, in load
    return self.load_wsgiapp()
           ^^^^^^^^^^^^^^^^^^^
  File "/home/rbradley/FlaskApp/flaskapp/lib/python3.12/site-packages/gunicorn/app/wsgiapp.py", line 47, in load_wsgiapp
    return util.import_app(self.app_uri)
           ^^^^^^^^^^^^^^^^^^^^^^^^^^^^^
  File "/home/rbradley/FlaskApp/flaskapp/lib/python3.12/site-packages/gunicorn/util.py", line 370, in import_app
    mod = importlib.import_module(module)
          ^^^^^^^^^^^^^^^^^^^^^^^^^^^^^^^
  File "/usr/lib/python3.12/importlib/__init__.py", line 90, in import_module
    return _bootstrap._gcd_import(name[level:], package, level)
           ^^^^^^^^^^^^^^^^^^^^^^^^^^^^^^^^^^^^^^^^^^^^^^^^^^^^
  File "<frozen importlib._bootstrap>", line 1387, in _gcd_import
  File "<frozen importlib._bootstrap>", line 1360, in _find_and_load
  File "<frozen importlib._bootstrap>", line 1331, in _find_and_load_unlocked
  File "<frozen importlib._bootstrap>", line 935, in _load_unlocked
  File "<frozen importlib._bootstrap_external>", line 995, in exec_module
  File "<frozen importlib._bootstrap>", line 488, in _call_with_frames_removed
  File "/home/rbradley/FlaskApp/hike/wsgi.py", line 1, in <module>
    from peak import app
  File "/home/rbradley/FlaskApp/hike/peak.py", line 6, in <module>
    @app.before_first_request
     ^^^^^^^^^^^^^^^^^^^^^^^^
AttributeError: 'Flask' object has no attribute 'before_first_request'. Did you mean: '_got_first_request'?
[2024-10-19 00:27:15 +0000] [2759] [INFO] Worker exiting (pid: 2759)
[2024-10-19 00:27:15 +0000] [2760] [ERROR] Exception in worker process
Traceback (most recent call last):
  File "/home/rbradley/FlaskApp/flaskapp/lib/python3.12/site-packages/gunicorn/arbiter.py", line 608, in spawn_worker
    worker.init_process()
  File "/home/rbradley/FlaskApp/flaskapp/lib/python3.12/site-packages/gunicorn/workers/base.py", line 135, in init_process
    self.load_wsgi()
  File "/home/rbradley/FlaskApp/flaskapp/lib/python3.12/site-packages/gunicorn/workers/base.py", line 147, in load_wsgi
    self.wsgi = self.app.wsgi()
                ^^^^^^^^^^^^^^^
  File "/home/rbradley/FlaskApp/flaskapp/lib/python3.12/site-packages/gunicorn/app/base.py", line 66, in wsgi
    self.callable = self.load()
                    ^^^^^^^^^^^
  File "/home/rbradley/FlaskApp/flaskapp/lib/python3.12/site-packages/gunicorn/app/wsgiapp.py", line 57, in load
    return self.load_wsgiapp()
           ^^^^^^^^^^^^^^^^^^^
  File "/home/rbradley/FlaskApp/flaskapp/lib/python3.12/site-packages/gunicorn/app/wsgiapp.py", line 47, in load_wsgiapp
    return util.import_app(self.app_uri)
           ^^^^^^^^^^^^^^^^^^^^^^^^^^^^^
  File "/home/rbradley/FlaskApp/flaskapp/lib/python3.12/site-packages/gunicorn/util.py", line 370, in import_app
    mod = importlib.import_module(module)
          ^^^^^^^^^^^^^^^^^^^^^^^^^^^^^^^
  File "/usr/lib/python3.12/importlib/__init__.py", line 90, in import_module
    return _bootstrap._gcd_import(name[level:], package, level)
           ^^^^^^^^^^^^^^^^^^^^^^^^^^^^^^^^^^^^^^^^^^^^^^^^^^^^
  File "<frozen importlib._bootstrap>", line 1387, in _gcd_import
  File "<frozen importlib._bootstrap>", line 1360, in _find_and_load
  File "<frozen importlib._bootstrap>", line 1331, in _find_and_load_unlocked
  File "<frozen importlib._bootstrap>", line 935, in _load_unlocked
  File "<frozen importlib._bootstrap_external>", line 995, in exec_module
  File "<frozen importlib._bootstrap>", line 488, in _call_with_frames_removed
  File "/home/rbradley/FlaskApp/hike/wsgi.py", line 1, in <module>
    from peak import app
  File "/home/rbradley/FlaskApp/hike/peak.py", line 6, in <module>
    @app.before_first_request
     ^^^^^^^^^^^^^^^^^^^^^^^^
AttributeError: 'Flask' object has no attribute 'before_first_request'. Did you mean: '_got_first_request'?
[2024-10-19 00:27:15 +0000] [2760] [INFO] Worker exiting (pid: 2760)
[2024-10-19 00:27:15 +0000] [2761] [ERROR] Exception in worker process
Traceback (most recent call last):
  File "/home/rbradley/FlaskApp/flaskapp/lib/python3.12/site-packages/gunicorn/arbiter.py", line 608, in spawn_worker
    worker.init_process()
  File "/home/rbradley/FlaskApp/flaskapp/lib/python3.12/site-packages/gunicorn/workers/base.py", line 135, in init_process
    self.load_wsgi()
  File "/home/rbradley/FlaskApp/flaskapp/lib/python3.12/site-packages/gunicorn/workers/base.py", line 147, in load_wsgi
    self.wsgi = self.app.wsgi()
                ^^^^^^^^^^^^^^^
  File "/home/rbradley/FlaskApp/flaskapp/lib/python3.12/site-packages/gunicorn/app/base.py", line 66, in wsgi
    self.callable = self.load()
                    ^^^^^^^^^^^
  File "/home/rbradley/FlaskApp/flaskapp/lib/python3.12/site-packages/gunicorn/app/wsgiapp.py", line 57, in load
    return self.load_wsgiapp()
           ^^^^^^^^^^^^^^^^^^^
  File "/home/rbradley/FlaskApp/flaskapp/lib/python3.12/site-packages/gunicorn/app/wsgiapp.py", line 47, in load_wsgiapp
    return util.import_app(self.app_uri)
           ^^^^^^^^^^^^^^^^^^^^^^^^^^^^^
  File "/home/rbradley/FlaskApp/flaskapp/lib/python3.12/site-packages/gunicorn/util.py", line 370, in import_app
    mod = importlib.import_module(module)
          ^^^^^^^^^^^^^^^^^^^^^^^^^^^^^^^
  File "/usr/lib/python3.12/importlib/__init__.py", line 90, in import_module
    return _bootstrap._gcd_import(name[level:], package, level)
           ^^^^^^^^^^^^^^^^^^^^^^^^^^^^^^^^^^^^^^^^^^^^^^^^^^^^
  File "<frozen importlib._bootstrap>", line 1387, in _gcd_import
  File "<frozen importlib._bootstrap>", line 1360, in _find_and_load
  File "<frozen importlib._bootstrap>", line 1331, in _find_and_load_unlocked
  File "<frozen importlib._bootstrap>", line 935, in _load_unlocked
  File "<frozen importlib._bootstrap_external>", line 995, in exec_module
  File "<frozen importlib._bootstrap>", line 488, in _call_with_frames_removed
  File "/home/rbradley/FlaskApp/hike/wsgi.py", line 1, in <module>
    from peak import app
  File "/home/rbradley/FlaskApp/hike/peak.py", line 6, in <module>
    @app.before_first_request
     ^^^^^^^^^^^^^^^^^^^^^^^^
AttributeError: 'Flask' object has no attribute 'before_first_request'. Did you mean: '_got_first_request'?
[2024-10-19 00:27:15 +0000] [2761] [INFO] Worker exiting (pid: 2761)
[2024-10-19 00:27:15 +0000] [2758] [ERROR] Worker (pid:2759) exited with code 3
[2024-10-19 00:27:15 +0000] [2758] [ERROR] Worker (pid:2760) was sent SIGTERM!
[2024-10-19 00:27:15 +0000] [2758] [ERROR] Worker (pid:2761) was sent SIGTERM!
[2024-10-19 00:27:15 +0000] [2758] [ERROR] Shutting down: Master
[2024-10-19 00:27:15 +0000] [2758] [ERROR] Reason: Worker failed to boot.
[2024-10-19 00:33:15 +0000] [2832] [INFO] Starting gunicorn 23.0.0
[2024-10-19 00:33:15 +0000] [2832] [INFO] Listening at: unix:peak2.sock (2832)
[2024-10-19 00:33:15 +0000] [2832] [INFO] Using worker: sync
[2024-10-19 00:33:15 +0000] [2833] [INFO] Booting worker with pid: 2833
[2024-10-19 00:33:15 +0000] [2834] [INFO] Booting worker with pid: 2834
[2024-10-19 00:33:15 +0000] [2833] [ERROR] Exception in worker process
Traceback (most recent call last):
  File "/home/rbradley/FlaskApp/flaskapp/lib/python3.12/site-packages/gunicorn/arbiter.py", line 608, in spawn_worker
    worker.init_process()
  File "/home/rbradley/FlaskApp/flaskapp/lib/python3.12/site-packages/gunicorn/workers/base.py", line 135, in init_process
    self.load_wsgi()
  File "/home/rbradley/FlaskApp/flaskapp/lib/python3.12/site-packages/gunicorn/workers/base.py", line 147, in load_wsgi
    self.wsgi = self.app.wsgi()
                ^^^^^^^^^^^^^^^
  File "/home/rbradley/FlaskApp/flaskapp/lib/python3.12/site-packages/gunicorn/app/base.py", line 66, in wsgi
    self.callable = self.load()
                    ^^^^^^^^^^^
  File "/home/rbradley/FlaskApp/flaskapp/lib/python3.12/site-packages/gunicorn/app/wsgiapp.py", line 57, in load
    return self.load_wsgiapp()
           ^^^^^^^^^^^^^^^^^^^
  File "/home/rbradley/FlaskApp/flaskapp/lib/python3.12/site-packages/gunicorn/app/wsgiapp.py", line 47, in load_wsgiapp
    return util.import_app(self.app_uri)
           ^^^^^^^^^^^^^^^^^^^^^^^^^^^^^
  File "/home/rbradley/FlaskApp/flaskapp/lib/python3.12/site-packages/gunicorn/util.py", line 370, in import_app
    mod = importlib.import_module(module)
          ^^^^^^^^^^^^^^^^^^^^^^^^^^^^^^^
  File "/usr/lib/python3.12/importlib/__init__.py", line 90, in import_module
    return _bootstrap._gcd_import(name[level:], package, level)
           ^^^^^^^^^^^^^^^^^^^^^^^^^^^^^^^^^^^^^^^^^^^^^^^^^^^^
  File "<frozen importlib._bootstrap>", line 1387, in _gcd_import
  File "<frozen importlib._bootstrap>", line 1360, in _find_and_load
  File "<frozen importlib._bootstrap>", line 1331, in _find_and_load_unlocked
  File "<frozen importlib._bootstrap>", line 935, in _load_unlocked
  File "<frozen importlib._bootstrap_external>", line 995, in exec_module
  File "<frozen importlib._bootstrap>", line 488, in _call_with_frames_removed
  File "/home/rbradley/FlaskApp/hike/wsgi.py", line 1, in <module>
    from peak import app
  File "/home/rbradley/FlaskApp/hike/peak.py", line 7, in <module>
    @app.before_first_request
     ^^^^^^^^^^^^^^^^^^^^^^^^
AttributeError: 'Flask' object has no attribute 'before_first_request'. Did you mean: '_got_first_request'?
[2024-10-19 00:33:15 +0000] [2833] [INFO] Worker exiting (pid: 2833)
[2024-10-19 00:33:15 +0000] [2835] [INFO] Booting worker with pid: 2835
[2024-10-19 00:33:15 +0000] [2832] [ERROR] Worker (pid:2833) exited with code 3
[2024-10-19 00:33:16 +0000] [2834] [ERROR] Exception in worker process
Traceback (most recent call last):
  File "/home/rbradley/FlaskApp/flaskapp/lib/python3.12/site-packages/gunicorn/arbiter.py", line 608, in spawn_worker
    worker.init_process()
  File "/home/rbradley/FlaskApp/flaskapp/lib/python3.12/site-packages/gunicorn/workers/base.py", line 135, in init_process
    self.load_wsgi()
  File "/home/rbradley/FlaskApp/flaskapp/lib/python3.12/site-packages/gunicorn/workers/base.py", line 147, in load_wsgi
    self.wsgi = self.app.wsgi()
                ^^^^^^^^^^^^^^^
  File "/home/rbradley/FlaskApp/flaskapp/lib/python3.12/site-packages/gunicorn/app/base.py", line 66, in wsgi
    self.callable = self.load()
                    ^^^^^^^^^^^
  File "/home/rbradley/FlaskApp/flaskapp/lib/python3.12/site-packages/gunicorn/app/wsgiapp.py", line 57, in load
    return self.load_wsgiapp()
           ^^^^^^^^^^^^^^^^^^^
  File "/home/rbradley/FlaskApp/flaskapp/lib/python3.12/site-packages/gunicorn/app/wsgiapp.py", line 47, in load_wsgiapp
    return util.import_app(self.app_uri)
           ^^^^^^^^^^^^^^^^^^^^^^^^^^^^^
  File "/home/rbradley/FlaskApp/flaskapp/lib/python3.12/site-packages/gunicorn/util.py", line 370, in import_app
    mod = importlib.import_module(module)
          ^^^^^^^^^^^^^^^^^^^^^^^^^^^^^^^
  File "/usr/lib/python3.12/importlib/__init__.py", line 90, in import_module
    return _bootstrap._gcd_import(name[level:], package, level)
           ^^^^^^^^^^^^^^^^^^^^^^^^^^^^^^^^^^^^^^^^^^^^^^^^^^^^
  File "<frozen importlib._bootstrap>", line 1387, in _gcd_import
  File "<frozen importlib._bootstrap>", line 1360, in _find_and_load
  File "<frozen importlib._bootstrap>", line 1331, in _find_and_load_unlocked
  File "<frozen importlib._bootstrap>", line 935, in _load_unlocked
  File "<frozen importlib._bootstrap_external>", line 995, in exec_module
  File "<frozen importlib._bootstrap>", line 488, in _call_with_frames_removed
  File "/home/rbradley/FlaskApp/hike/wsgi.py", line 1, in <module>
    from peak import app
  File "/home/rbradley/FlaskApp/hike/peak.py", line 7, in <module>
    @app.before_first_request
     ^^^^^^^^^^^^^^^^^^^^^^^^
AttributeError: 'Flask' object has no attribute 'before_first_request'. Did you mean: '_got_first_request'?
[2024-10-19 00:33:16 +0000] [2834] [INFO] Worker exiting (pid: 2834)
[2024-10-19 00:33:16 +0000] [2835] [ERROR] Exception in worker process
Traceback (most recent call last):
  File "/home/rbradley/FlaskApp/flaskapp/lib/python3.12/site-packages/gunicorn/arbiter.py", line 608, in spawn_worker
    worker.init_process()
  File "/home/rbradley/FlaskApp/flaskapp/lib/python3.12/site-packages/gunicorn/workers/base.py", line 135, in init_process
    self.load_wsgi()
  File "/home/rbradley/FlaskApp/flaskapp/lib/python3.12/site-packages/gunicorn/workers/base.py", line 147, in load_wsgi
    self.wsgi = self.app.wsgi()
                ^^^^^^^^^^^^^^^
  File "/home/rbradley/FlaskApp/flaskapp/lib/python3.12/site-packages/gunicorn/app/base.py", line 66, in wsgi
    self.callable = self.load()
                    ^^^^^^^^^^^
  File "/home/rbradley/FlaskApp/flaskapp/lib/python3.12/site-packages/gunicorn/app/wsgiapp.py", line 57, in load
    return self.load_wsgiapp()
           ^^^^^^^^^^^^^^^^^^^
  File "/home/rbradley/FlaskApp/flaskapp/lib/python3.12/site-packages/gunicorn/app/wsgiapp.py", line 47, in load_wsgiapp
    return util.import_app(self.app_uri)
           ^^^^^^^^^^^^^^^^^^^^^^^^^^^^^
  File "/home/rbradley/FlaskApp/flaskapp/lib/python3.12/site-packages/gunicorn/util.py", line 370, in import_app
    mod = importlib.import_module(module)
          ^^^^^^^^^^^^^^^^^^^^^^^^^^^^^^^
  File "/usr/lib/python3.12/importlib/__init__.py", line 90, in import_module
    return _bootstrap._gcd_import(name[level:], package, level)
           ^^^^^^^^^^^^^^^^^^^^^^^^^^^^^^^^^^^^^^^^^^^^^^^^^^^^
  File "<frozen importlib._bootstrap>", line 1387, in _gcd_import
  File "<frozen importlib._bootstrap>", line 1360, in _find_and_load
  File "<frozen importlib._bootstrap>", line 1331, in _find_and_load_unlocked
  File "<frozen importlib._bootstrap>", line 935, in _load_unlocked
  File "<frozen importlib._bootstrap_external>", line 995, in exec_module
  File "<frozen importlib._bootstrap>", line 488, in _call_with_frames_removed
  File "/home/rbradley/FlaskApp/hike/wsgi.py", line 1, in <module>
    from peak import app
  File "/home/rbradley/FlaskApp/hike/peak.py", line 7, in <module>
    @app.before_first_request
     ^^^^^^^^^^^^^^^^^^^^^^^^
AttributeError: 'Flask' object has no attribute 'before_first_request'. Did you mean: '_got_first_request'?
[2024-10-19 00:33:16 +0000] [2835] [INFO] Worker exiting (pid: 2835)
[2024-10-19 00:33:16 +0000] [2832] [ERROR] Worker (pid:2834) exited with code 3
[2024-10-19 00:37:24 +0000] [2887] [INFO] Starting gunicorn 23.0.0
[2024-10-19 00:37:24 +0000] [2887] [INFO] Listening at: unix:peak2.sock (2887)
[2024-10-19 00:37:24 +0000] [2887] [INFO] Using worker: sync
[2024-10-19 00:37:24 +0000] [2888] [INFO] Booting worker with pid: 2888
[2024-10-19 00:37:24 +0000] [2889] [INFO] Booting worker with pid: 2889
[2024-10-19 00:37:24 +0000] [2888] [ERROR] Exception in worker process
Traceback (most recent call last):
  File "/home/rbradley/FlaskApp/flaskapp/lib/python3.12/site-packages/gunicorn/arbiter.py", line 608, in spawn_worker
    worker.init_process()
  File "/home/rbradley/FlaskApp/flaskapp/lib/python3.12/site-packages/gunicorn/workers/base.py", line 135, in init_process
    self.load_wsgi()
  File "/home/rbradley/FlaskApp/flaskapp/lib/python3.12/site-packages/gunicorn/workers/base.py", line 147, in load_wsgi
    self.wsgi = self.app.wsgi()
                ^^^^^^^^^^^^^^^
  File "/home/rbradley/FlaskApp/flaskapp/lib/python3.12/site-packages/gunicorn/app/base.py", line 66, in wsgi
    self.callable = self.load()
                    ^^^^^^^^^^^
  File "/home/rbradley/FlaskApp/flaskapp/lib/python3.12/site-packages/gunicorn/app/wsgiapp.py", line 57, in load
    return self.load_wsgiapp()
           ^^^^^^^^^^^^^^^^^^^
  File "/home/rbradley/FlaskApp/flaskapp/lib/python3.12/site-packages/gunicorn/app/wsgiapp.py", line 47, in load_wsgiapp
    return util.import_app(self.app_uri)
           ^^^^^^^^^^^^^^^^^^^^^^^^^^^^^
  File "/home/rbradley/FlaskApp/flaskapp/lib/python3.12/site-packages/gunicorn/util.py", line 370, in import_app
    mod = importlib.import_module(module)
          ^^^^^^^^^^^^^^^^^^^^^^^^^^^^^^^
  File "/usr/lib/python3.12/importlib/__init__.py", line 90, in import_module
    return _bootstrap._gcd_import(name[level:], package, level)
           ^^^^^^^^^^^^^^^^^^^^^^^^^^^^^^^^^^^^^^^^^^^^^^^^^^^^
  File "<frozen importlib._bootstrap>", line 1387, in _gcd_import
  File "<frozen importlib._bootstrap>", line 1360, in _find_and_load
  File "<frozen importlib._bootstrap>", line 1331, in _find_and_load_unlocked
  File "<frozen importlib._bootstrap>", line 935, in _load_unlocked
  File "<frozen importlib._bootstrap_external>", line 995, in exec_module
  File "<frozen importlib._bootstrap>", line 488, in _call_with_frames_removed
  File "/home/rbradley/FlaskApp/hike/wsgi.py", line 1, in <module>
    from peak import app
  File "/home/rbradley/FlaskApp/hike/peak.py", line 18, in <module>
    @app.before_first_request
     ^^^^^^^^^^^^^^^^^^^^^^^^
AttributeError: 'Flask' object has no attribute 'before_first_request'. Did you mean: '_got_first_request'?
[2024-10-19 00:37:24 +0000] [2888] [INFO] Worker exiting (pid: 2888)
[2024-10-19 00:37:24 +0000] [2890] [INFO] Booting worker with pid: 2890
[2024-10-19 00:37:24 +0000] [2887] [ERROR] Worker (pid:2888) exited with code 3
[2024-10-19 00:37:24 +0000] [2889] [ERROR] Exception in worker process
Traceback (most recent call last):
  File "/home/rbradley/FlaskApp/flaskapp/lib/python3.12/site-packages/gunicorn/arbiter.py", line 608, in spawn_worker
    worker.init_process()
  File "/home/rbradley/FlaskApp/flaskapp/lib/python3.12/site-packages/gunicorn/workers/base.py", line 135, in init_process
    self.load_wsgi()
  File "/home/rbradley/FlaskApp/flaskapp/lib/python3.12/site-packages/gunicorn/workers/base.py", line 147, in load_wsgi
    self.wsgi = self.app.wsgi()
                ^^^^^^^^^^^^^^^
  File "/home/rbradley/FlaskApp/flaskapp/lib/python3.12/site-packages/gunicorn/app/base.py", line 66, in wsgi
    self.callable = self.load()
                    ^^^^^^^^^^^
  File "/home/rbradley/FlaskApp/flaskapp/lib/python3.12/site-packages/gunicorn/app/wsgiapp.py", line 57, in load
    return self.load_wsgiapp()
           ^^^^^^^^^^^^^^^^^^^
  File "/home/rbradley/FlaskApp/flaskapp/lib/python3.12/site-packages/gunicorn/app/wsgiapp.py", line 47, in load_wsgiapp
    return util.import_app(self.app_uri)
           ^^^^^^^^^^^^^^^^^^^^^^^^^^^^^
  File "/home/rbradley/FlaskApp/flaskapp/lib/python3.12/site-packages/gunicorn/util.py", line 370, in import_app
    mod = importlib.import_module(module)
          ^^^^^^^^^^^^^^^^^^^^^^^^^^^^^^^
  File "/usr/lib/python3.12/importlib/__init__.py", line 90, in import_module
    return _bootstrap._gcd_import(name[level:], package, level)
           ^^^^^^^^^^^^^^^^^^^^^^^^^^^^^^^^^^^^^^^^^^^^^^^^^^^^
  File "<frozen importlib._bootstrap>", line 1387, in _gcd_import
  File "<frozen importlib._bootstrap>", line 1360, in _find_and_load
  File "<frozen importlib._bootstrap>", line 1331, in _find_and_load_unlocked
  File "<frozen importlib._bootstrap>", line 935, in _load_unlocked
  File "<frozen importlib._bootstrap_external>", line 995, in exec_module
  File "<frozen importlib._bootstrap>", line 488, in _call_with_frames_removed
  File "/home/rbradley/FlaskApp/hike/wsgi.py", line 1, in <module>
    from peak import app
  File "/home/rbradley/FlaskApp/hike/peak.py", line 18, in <module>
    @app.before_first_request
     ^^^^^^^^^^^^^^^^^^^^^^^^
AttributeError: 'Flask' object has no attribute 'before_first_request'. Did you mean: '_got_first_request'?
[2024-10-19 00:37:24 +0000] [2889] [INFO] Worker exiting (pid: 2889)
[2024-10-19 00:37:24 +0000] [2887] [ERROR] Worker (pid:2889) exited with code 3
[2024-10-19 00:37:24 +0000] [2890] [ERROR] Exception in worker process
Traceback (most recent call last):
  File "/home/rbradley/FlaskApp/flaskapp/lib/python3.12/site-packages/gunicorn/arbiter.py", line 608, in spawn_worker
    worker.init_process()
  File "/home/rbradley/FlaskApp/flaskapp/lib/python3.12/site-packages/gunicorn/workers/base.py", line 135, in init_process
    self.load_wsgi()
  File "/home/rbradley/FlaskApp/flaskapp/lib/python3.12/site-packages/gunicorn/workers/base.py", line 147, in load_wsgi
    self.wsgi = self.app.wsgi()
                ^^^^^^^^^^^^^^^
  File "/home/rbradley/FlaskApp/flaskapp/lib/python3.12/site-packages/gunicorn/app/base.py", line 66, in wsgi
    self.callable = self.load()
                    ^^^^^^^^^^^
  File "/home/rbradley/FlaskApp/flaskapp/lib/python3.12/site-packages/gunicorn/app/wsgiapp.py", line 57, in load
    return self.load_wsgiapp()
           ^^^^^^^^^^^^^^^^^^^
  File "/home/rbradley/FlaskApp/flaskapp/lib/python3.12/site-packages/gunicorn/app/wsgiapp.py", line 47, in load_wsgiapp
    return util.import_app(self.app_uri)
           ^^^^^^^^^^^^^^^^^^^^^^^^^^^^^
  File "/home/rbradley/FlaskApp/flaskapp/lib/python3.12/site-packages/gunicorn/util.py", line 370, in import_app
    mod = importlib.import_module(module)
          ^^^^^^^^^^^^^^^^^^^^^^^^^^^^^^^
  File "/usr/lib/python3.12/importlib/__init__.py", line 90, in import_module
    return _bootstrap._gcd_import(name[level:], package, level)
           ^^^^^^^^^^^^^^^^^^^^^^^^^^^^^^^^^^^^^^^^^^^^^^^^^^^^
  File "<frozen importlib._bootstrap>", line 1387, in _gcd_import
  File "<frozen importlib._bootstrap>", line 1360, in _find_and_load
  File "<frozen importlib._bootstrap>", line 1331, in _find_and_load_unlocked
  File "<frozen importlib._bootstrap>", line 935, in _load_unlocked
  File "<frozen importlib._bootstrap_external>", line 995, in exec_module
  File "<frozen importlib._bootstrap>", line 488, in _call_with_frames_removed
  File "/home/rbradley/FlaskApp/hike/wsgi.py", line 1, in <module>
    from peak import app
  File "/home/rbradley/FlaskApp/hike/peak.py", line 18, in <module>
    @app.before_first_request
     ^^^^^^^^^^^^^^^^^^^^^^^^
AttributeError: 'Flask' object has no attribute 'before_first_request'. Did you mean: '_got_first_request'?
[2024-10-19 00:37:24 +0000] [2890] [INFO] Worker exiting (pid: 2890)
[2024-10-19 00:39:58 +0000] [2912] [INFO] Starting gunicorn 23.0.0
[2024-10-19 00:39:58 +0000] [2912] [INFO] Listening at: unix:peak2.sock (2912)
[2024-10-19 00:39:58 +0000] [2912] [INFO] Using worker: sync
[2024-10-19 00:39:58 +0000] [2913] [INFO] Booting worker with pid: 2913
[2024-10-19 00:39:58 +0000] [2914] [INFO] Booting worker with pid: 2914
[2024-10-19 00:39:58 +0000] [2915] [INFO] Booting worker with pid: 2915
[2024-10-19 00:46:17 +0000] [2912] [INFO] Handling signal: term
[2024-10-19 00:46:17 +0000] [2913] [INFO] Worker exiting (pid: 2913)
[2024-10-19 00:46:17 +0000] [2914] [INFO] Worker exiting (pid: 2914)
[2024-10-19 00:46:17 +0000] [2915] [INFO] Worker exiting (pid: 2915)
[2024-10-19 00:46:17 +0000] [2912] [INFO] Shutting down: Master
[2024-10-19 00:46:17 +0000] [3048] [INFO] Starting gunicorn 23.0.0
[2024-10-19 00:46:17 +0000] [3048] [INFO] Listening at: unix:peak2.sock (3048)
[2024-10-19 00:46:17 +0000] [3048] [INFO] Using worker: sync
[2024-10-19 00:46:17 +0000] [3049] [INFO] Booting worker with pid: 3049
[2024-10-19 00:46:17 +0000] [3049] [ERROR] Exception in worker process
Traceback (most recent call last):
  File "/home/rbradley/FlaskApp/flaskapp/lib/python3.12/site-packages/gunicorn/arbiter.py", line 608, in spawn_worker
    worker.init_process()
  File "/home/rbradley/FlaskApp/flaskapp/lib/python3.12/site-packages/gunicorn/workers/base.py", line 135, in init_process
    self.load_wsgi()
  File "/home/rbradley/FlaskApp/flaskapp/lib/python3.12/site-packages/gunicorn/workers/base.py", line 147, in load_wsgi
    self.wsgi = self.app.wsgi()
                ^^^^^^^^^^^^^^^
  File "/home/rbradley/FlaskApp/flaskapp/lib/python3.12/site-packages/gunicorn/app/base.py", line 66, in wsgi
    self.callable = self.load()
                    ^^^^^^^^^^^
  File "/home/rbradley/FlaskApp/flaskapp/lib/python3.12/site-packages/gunicorn/app/wsgiapp.py", line 57, in load
    return self.load_wsgiapp()
           ^^^^^^^^^^^^^^^^^^^
  File "/home/rbradley/FlaskApp/flaskapp/lib/python3.12/site-packages/gunicorn/app/wsgiapp.py", line 47, in load_wsgiapp
    return util.import_app(self.app_uri)
           ^^^^^^^^^^^^^^^^^^^^^^^^^^^^^
  File "/home/rbradley/FlaskApp/flaskapp/lib/python3.12/site-packages/gunicorn/util.py", line 370, in import_app
    mod = importlib.import_module(module)
          ^^^^^^^^^^^^^^^^^^^^^^^^^^^^^^^
  File "/usr/lib/python3.12/importlib/__init__.py", line 90, in import_module
    return _bootstrap._gcd_import(name[level:], package, level)
           ^^^^^^^^^^^^^^^^^^^^^^^^^^^^^^^^^^^^^^^^^^^^^^^^^^^^
  File "<frozen importlib._bootstrap>", line 1387, in _gcd_import
  File "<frozen importlib._bootstrap>", line 1360, in _find_and_load
  File "<frozen importlib._bootstrap>", line 1331, in _find_and_load_unlocked
  File "<frozen importlib._bootstrap>", line 935, in _load_unlocked
  File "<frozen importlib._bootstrap_external>", line 995, in exec_module
  File "<frozen importlib._bootstrap>", line 488, in _call_with_frames_removed
  File "/home/rbradley/FlaskApp/hike/wsgi.py", line 1, in <module>
    from peak import app
  File "/home/rbradley/FlaskApp/hike/peak.py", line 18
    setup_logging()  # Call the logging setup function
                                                      ^
IndentationError: unindent does not match any outer indentation level
[2024-10-19 00:46:17 +0000] [3049] [INFO] Worker exiting (pid: 3049)
[2024-10-19 00:46:17 +0000] [3050] [INFO] Booting worker with pid: 3050
[2024-10-19 00:46:17 +0000] [3050] [ERROR] Exception in worker process
Traceback (most recent call last):
  File "/home/rbradley/FlaskApp/flaskapp/lib/python3.12/site-packages/gunicorn/arbiter.py", line 608, in spawn_worker
    worker.init_process()
  File "/home/rbradley/FlaskApp/flaskapp/lib/python3.12/site-packages/gunicorn/workers/base.py", line 135, in init_process
    self.load_wsgi()
  File "/home/rbradley/FlaskApp/flaskapp/lib/python3.12/site-packages/gunicorn/workers/base.py", line 147, in load_wsgi
    self.wsgi = self.app.wsgi()
                ^^^^^^^^^^^^^^^
  File "/home/rbradley/FlaskApp/flaskapp/lib/python3.12/site-packages/gunicorn/app/base.py", line 66, in wsgi
    self.callable = self.load()
                    ^^^^^^^^^^^
  File "/home/rbradley/FlaskApp/flaskapp/lib/python3.12/site-packages/gunicorn/app/wsgiapp.py", line 57, in load
    return self.load_wsgiapp()
           ^^^^^^^^^^^^^^^^^^^
  File "/home/rbradley/FlaskApp/flaskapp/lib/python3.12/site-packages/gunicorn/app/wsgiapp.py", line 47, in load_wsgiapp
    return util.import_app(self.app_uri)
           ^^^^^^^^^^^^^^^^^^^^^^^^^^^^^
  File "/home/rbradley/FlaskApp/flaskapp/lib/python3.12/site-packages/gunicorn/util.py", line 370, in import_app
    mod = importlib.import_module(module)
          ^^^^^^^^^^^^^^^^^^^^^^^^^^^^^^^
  File "/usr/lib/python3.12/importlib/__init__.py", line 90, in import_module
    return _bootstrap._gcd_import(name[level:], package, level)
           ^^^^^^^^^^^^^^^^^^^^^^^^^^^^^^^^^^^^^^^^^^^^^^^^^^^^
  File "<frozen importlib._bootstrap>", line 1387, in _gcd_import
  File "<frozen importlib._bootstrap>", line 1360, in _find_and_load
  File "<frozen importlib._bootstrap>", line 1331, in _find_and_load_unlocked
  File "<frozen importlib._bootstrap>", line 935, in _load_unlocked
  File "<frozen importlib._bootstrap_external>", line 995, in exec_module
  File "<frozen importlib._bootstrap>", line 488, in _call_with_frames_removed
  File "/home/rbradley/FlaskApp/hike/wsgi.py", line 1, in <module>
    from peak import app
  File "/home/rbradley/FlaskApp/hike/peak.py", line 18
    setup_logging()  # Call the logging setup function
                                                      ^
IndentationError: unindent does not match any outer indentation level
[2024-10-19 00:46:17 +0000] [3050] [INFO] Worker exiting (pid: 3050)
[2024-10-19 00:46:17 +0000] [3048] [ERROR] Worker (pid:3049) exited with code 3
[2024-10-19 00:46:17 +0000] [3048] [ERROR] Worker (pid:3050) was sent SIGTERM!
[2024-10-19 00:46:17 +0000] [3048] [ERROR] Shutting down: Master
[2024-10-19 00:46:17 +0000] [3048] [ERROR] Reason: Worker failed to boot.
[2024-10-19 00:47:03 +0000] [3060] [INFO] Starting gunicorn 23.0.0
[2024-10-19 00:47:03 +0000] [3060] [INFO] Listening at: unix:peak2.sock (3060)
[2024-10-19 00:47:03 +0000] [3060] [INFO] Using worker: sync
[2024-10-19 00:47:03 +0000] [3061] [INFO] Booting worker with pid: 3061
[2024-10-19 00:47:04 +0000] [3062] [INFO] Booting worker with pid: 3062
[2024-10-19 00:47:04 +0000] [3063] [INFO] Booting worker with pid: 3063
[2024-10-19 00:49:31 +0000] [3060] [INFO] Handling signal: term
[2024-10-19 00:49:31 +0000] [3061] [INFO] Worker exiting (pid: 3061)
[2024-10-19 00:49:31 +0000] [3062] [INFO] Worker exiting (pid: 3062)
[2024-10-19 00:49:31 +0000] [3063] [INFO] Worker exiting (pid: 3063)
[2024-10-19 00:49:31 +0000] [3060] [INFO] Shutting down: Master
[2024-10-19 00:49:31 +0000] [3110] [INFO] Starting gunicorn 23.0.0
[2024-10-19 00:49:31 +0000] [3110] [INFO] Listening at: unix:peak2.sock (3110)
[2024-10-19 00:49:31 +0000] [3110] [INFO] Using worker: sync
[2024-10-19 00:49:31 +0000] [3111] [INFO] Booting worker with pid: 3111
[2024-10-19 00:49:31 +0000] [3112] [INFO] Booting worker with pid: 3112
[2024-10-19 00:49:32 +0000] [3113] [INFO] Booting worker with pid: 3113
[2024-10-19 00:54:14 +0000] [3110] [INFO] Handling signal: term
[2024-10-19 00:54:14 +0000] [3111] [INFO] Worker exiting (pid: 3111)
[2024-10-19 00:54:14 +0000] [3112] [INFO] Worker exiting (pid: 3112)
[2024-10-19 00:54:14 +0000] [3113] [INFO] Worker exiting (pid: 3113)
[2024-10-19 00:54:14 +0000] [3110] [INFO] Shutting down: Master
[2024-10-19 00:54:14 +0000] [3188] [INFO] Starting gunicorn 23.0.0
[2024-10-19 00:54:14 +0000] [3188] [INFO] Listening at: unix:peak2.sock (3188)
[2024-10-19 00:54:14 +0000] [3188] [INFO] Using worker: sync
[2024-10-19 00:54:14 +0000] [3190] [INFO] Booting worker with pid: 3190
[2024-10-19 00:54:14 +0000] [3191] [INFO] Booting worker with pid: 3191
[2024-10-19 00:54:14 +0000] [3192] [INFO] Booting worker with pid: 3192
[2024-10-19 00:56:16 +0000] [3190] [INFO] Worker exiting (pid: 3190)
[2024-10-19 00:56:16 +0000] [3191] [INFO] Worker exiting (pid: 3191)
[2024-10-19 00:56:16 +0000] [3192] [INFO] Worker exiting (pid: 3192)
[2024-10-19 00:56:16 +0000] [3188] [INFO] Handling signal: term
[2024-10-19 00:56:16 +0000] [3188] [ERROR] Worker (pid:3191) was sent SIGTERM!
[2024-10-19 00:56:16 +0000] [3188] [ERROR] Worker (pid:3192) was sent SIGTERM!
[2024-10-19 00:56:16 +0000] [3188] [ERROR] Worker (pid:3190) was sent SIGTERM!
[2024-10-19 00:56:16 +0000] [3188] [INFO] Shutting down: Master
[2024-10-19 00:56:16 +0000] [3238] [INFO] Starting gunicorn 23.0.0
[2024-10-19 00:56:16 +0000] [3238] [INFO] Listening at: unix:peak2.sock (3238)
[2024-10-19 00:56:16 +0000] [3238] [INFO] Using worker: sync
[2024-10-19 00:56:16 +0000] [3239] [INFO] Booting worker with pid: 3239
[2024-10-19 00:56:16 +0000] [3240] [INFO] Booting worker with pid: 3240
[2024-10-19 00:56:16 +0000] [3241] [INFO] Booting worker with pid: 3241
[2024-10-19 01:02:50 +0000] [3238] [INFO] Handling signal: term
[2024-10-19 01:02:50 +0000] [3239] [INFO] Worker exiting (pid: 3239)
[2024-10-19 01:02:50 +0000] [3240] [INFO] Worker exiting (pid: 3240)
[2024-10-19 01:02:50 +0000] [3241] [INFO] Worker exiting (pid: 3241)
[2024-10-19 01:02:50 +0000] [3238] [INFO] Shutting down: Master
[2024-10-19 01:02:50 +0000] [3375] [INFO] Starting gunicorn 23.0.0
[2024-10-19 01:02:50 +0000] [3375] [INFO] Listening at: unix:peak2.sock (3375)
[2024-10-19 01:02:50 +0000] [3375] [INFO] Using worker: sync
[2024-10-19 01:02:50 +0000] [3377] [INFO] Booting worker with pid: 3377
[2024-10-19 01:02:50 +0000] [3378] [INFO] Booting worker with pid: 3378
[2024-10-19 01:02:50 +0000] [3379] [INFO] Booting worker with pid: 3379
[2024-10-19 01:02:50 +0000] [3377] [ERROR] Exception in worker process
Traceback (most recent call last):
  File "/home/rbradley/FlaskApp/flaskapp/lib/python3.12/site-packages/gunicorn/arbiter.py", line 608, in spawn_worker
    worker.init_process()
  File "/home/rbradley/FlaskApp/flaskapp/lib/python3.12/site-packages/gunicorn/workers/base.py", line 135, in init_process
    self.load_wsgi()
  File "/home/rbradley/FlaskApp/flaskapp/lib/python3.12/site-packages/gunicorn/workers/base.py", line 147, in load_wsgi
    self.wsgi = self.app.wsgi()
                ^^^^^^^^^^^^^^^
  File "/home/rbradley/FlaskApp/flaskapp/lib/python3.12/site-packages/gunicorn/app/base.py", line 66, in wsgi
    self.callable = self.load()
                    ^^^^^^^^^^^
  File "/home/rbradley/FlaskApp/flaskapp/lib/python3.12/site-packages/gunicorn/app/wsgiapp.py", line 57, in load
    return self.load_wsgiapp()
           ^^^^^^^^^^^^^^^^^^^
  File "/home/rbradley/FlaskApp/flaskapp/lib/python3.12/site-packages/gunicorn/app/wsgiapp.py", line 47, in load_wsgiapp
    return util.import_app(self.app_uri)
           ^^^^^^^^^^^^^^^^^^^^^^^^^^^^^
  File "/home/rbradley/FlaskApp/flaskapp/lib/python3.12/site-packages/gunicorn/util.py", line 370, in import_app
    mod = importlib.import_module(module)
          ^^^^^^^^^^^^^^^^^^^^^^^^^^^^^^^
  File "/usr/lib/python3.12/importlib/__init__.py", line 90, in import_module
    return _bootstrap._gcd_import(name[level:], package, level)
           ^^^^^^^^^^^^^^^^^^^^^^^^^^^^^^^^^^^^^^^^^^^^^^^^^^^^
  File "<frozen importlib._bootstrap>", line 1387, in _gcd_import
  File "<frozen importlib._bootstrap>", line 1360, in _find_and_load
  File "<frozen importlib._bootstrap>", line 1331, in _find_and_load_unlocked
  File "<frozen importlib._bootstrap>", line 935, in _load_unlocked
  File "<frozen importlib._bootstrap_external>", line 995, in exec_module
  File "<frozen importlib._bootstrap>", line 488, in _call_with_frames_removed
  File "/home/rbradley/FlaskApp/hike/wsgi.py", line 1, in <module>
    from peak import app
  File "/home/rbradley/FlaskApp/hike/peak.py", line 19, in <module>
    setup_logging()
  File "/home/rbradley/FlaskApp/hike/peak.py", line 10, in setup_logging
    log_file_path = os.path.join(app.root_path, 'flaskapp.log')
                    ^^
NameError: name 'os' is not defined. Did you forget to import 'os'
[2024-10-19 01:02:50 +0000] [3377] [INFO] Worker exiting (pid: 3377)
[2024-10-19 01:02:51 +0000] [3375] [ERROR] Worker (pid:3377) exited with code 3
[2024-10-19 01:02:51 +0000] [3379] [ERROR] Exception in worker process
Traceback (most recent call last):
  File "/home/rbradley/FlaskApp/flaskapp/lib/python3.12/site-packages/gunicorn/arbiter.py", line 608, in spawn_worker
    worker.init_process()
  File "/home/rbradley/FlaskApp/flaskapp/lib/python3.12/site-packages/gunicorn/workers/base.py", line 135, in init_process
    self.load_wsgi()
  File "/home/rbradley/FlaskApp/flaskapp/lib/python3.12/site-packages/gunicorn/workers/base.py", line 147, in load_wsgi
    self.wsgi = self.app.wsgi()
                ^^^^^^^^^^^^^^^
  File "/home/rbradley/FlaskApp/flaskapp/lib/python3.12/site-packages/gunicorn/app/base.py", line 66, in wsgi
    self.callable = self.load()
                    ^^^^^^^^^^^
  File "/home/rbradley/FlaskApp/flaskapp/lib/python3.12/site-packages/gunicorn/app/wsgiapp.py", line 57, in load
    return self.load_wsgiapp()
           ^^^^^^^^^^^^^^^^^^^
  File "/home/rbradley/FlaskApp/flaskapp/lib/python3.12/site-packages/gunicorn/app/wsgiapp.py", line 47, in load_wsgiapp
    return util.import_app(self.app_uri)
           ^^^^^^^^^^^^^^^^^^^^^^^^^^^^^
  File "/home/rbradley/FlaskApp/flaskapp/lib/python3.12/site-packages/gunicorn/util.py", line 370, in import_app
    mod = importlib.import_module(module)
          ^^^^^^^^^^^^^^^^^^^^^^^^^^^^^^^
  File "/usr/lib/python3.12/importlib/__init__.py", line 90, in import_module
    return _bootstrap._gcd_import(name[level:], package, level)
           ^^^^^^^^^^^^^^^^^^^^^^^^^^^^^^^^^^^^^^^^^^^^^^^^^^^^
  File "<frozen importlib._bootstrap>", line 1387, in _gcd_import
  File "<frozen importlib._bootstrap>", line 1360, in _find_and_load
  File "<frozen importlib._bootstrap>", line 1331, in _find_and_load_unlocked
  File "<frozen importlib._bootstrap>", line 935, in _load_unlocked
  File "<frozen importlib._bootstrap_external>", line 995, in exec_module
  File "<frozen importlib._bootstrap>", line 488, in _call_with_frames_removed
  File "/home/rbradley/FlaskApp/hike/wsgi.py", line 1, in <module>
    from peak import app
  File "/home/rbradley/FlaskApp/hike/peak.py", line 19, in <module>
    setup_logging()
  File "/home/rbradley/FlaskApp/hike/peak.py", line 10, in setup_logging
    log_file_path = os.path.join(app.root_path, 'flaskapp.log')
                    ^^
NameError: name 'os' is not defined. Did you forget to import 'os'
[2024-10-19 01:02:51 +0000] [3379] [INFO] Worker exiting (pid: 3379)
[2024-10-19 01:02:51 +0000] [3378] [ERROR] Exception in worker process
Traceback (most recent call last):
  File "/home/rbradley/FlaskApp/flaskapp/lib/python3.12/site-packages/gunicorn/arbiter.py", line 608, in spawn_worker
    worker.init_process()
  File "/home/rbradley/FlaskApp/flaskapp/lib/python3.12/site-packages/gunicorn/workers/base.py", line 135, in init_process
    self.load_wsgi()
  File "/home/rbradley/FlaskApp/flaskapp/lib/python3.12/site-packages/gunicorn/workers/base.py", line 147, in load_wsgi
    self.wsgi = self.app.wsgi()
                ^^^^^^^^^^^^^^^
  File "/home/rbradley/FlaskApp/flaskapp/lib/python3.12/site-packages/gunicorn/app/base.py", line 66, in wsgi
    self.callable = self.load()
                    ^^^^^^^^^^^
  File "/home/rbradley/FlaskApp/flaskapp/lib/python3.12/site-packages/gunicorn/app/wsgiapp.py", line 57, in load
    return self.load_wsgiapp()
           ^^^^^^^^^^^^^^^^^^^
  File "/home/rbradley/FlaskApp/flaskapp/lib/python3.12/site-packages/gunicorn/app/wsgiapp.py", line 47, in load_wsgiapp
    return util.import_app(self.app_uri)
           ^^^^^^^^^^^^^^^^^^^^^^^^^^^^^
  File "/home/rbradley/FlaskApp/flaskapp/lib/python3.12/site-packages/gunicorn/util.py", line 370, in import_app
    mod = importlib.import_module(module)
          ^^^^^^^^^^^^^^^^^^^^^^^^^^^^^^^
  File "/usr/lib/python3.12/importlib/__init__.py", line 90, in import_module
    return _bootstrap._gcd_import(name[level:], package, level)
           ^^^^^^^^^^^^^^^^^^^^^^^^^^^^^^^^^^^^^^^^^^^^^^^^^^^^
  File "<frozen importlib._bootstrap>", line 1387, in _gcd_import
  File "<frozen importlib._bootstrap>", line 1360, in _find_and_load
  File "<frozen importlib._bootstrap>", line 1331, in _find_and_load_unlocked
  File "<frozen importlib._bootstrap>", line 935, in _load_unlocked
  File "<frozen importlib._bootstrap_external>", line 995, in exec_module
  File "<frozen importlib._bootstrap>", line 488, in _call_with_frames_removed
  File "/home/rbradley/FlaskApp/hike/wsgi.py", line 1, in <module>
    from peak import app
  File "/home/rbradley/FlaskApp/hike/peak.py", line 19, in <module>
    setup_logging()
  File "/home/rbradley/FlaskApp/hike/peak.py", line 10, in setup_logging
    log_file_path = os.path.join(app.root_path, 'flaskapp.log')
                    ^^
NameError: name 'os' is not defined. Did you forget to import 'os'
[2024-10-19 01:02:51 +0000] [3378] [INFO] Worker exiting (pid: 3378)
[2024-10-19 01:02:51 +0000] [3375] [ERROR] Worker (pid:3378) exited with code 3
[2024-10-19 01:02:51 +0000] [3375] [ERROR] Worker (pid:3379) exited with code 3
[2024-10-19 01:03:12 +0000] [3405] [INFO] Starting gunicorn 23.0.0
[2024-10-19 01:03:12 +0000] [3405] [INFO] Listening at: unix:peak2.sock (3405)
[2024-10-19 01:03:12 +0000] [3405] [INFO] Using worker: sync
[2024-10-19 01:03:12 +0000] [3406] [INFO] Booting worker with pid: 3406
[2024-10-19 01:03:12 +0000] [3407] [INFO] Booting worker with pid: 3407
[2024-10-19 01:03:12 +0000] [3408] [INFO] Booting worker with pid: 3408
[2024-10-19 01:03:12 +0000] [3406] [ERROR] Exception in worker process
Traceback (most recent call last):
  File "/home/rbradley/FlaskApp/flaskapp/lib/python3.12/site-packages/gunicorn/arbiter.py", line 608, in spawn_worker
    worker.init_process()
  File "/home/rbradley/FlaskApp/flaskapp/lib/python3.12/site-packages/gunicorn/workers/base.py", line 135, in init_process
    self.load_wsgi()
  File "/home/rbradley/FlaskApp/flaskapp/lib/python3.12/site-packages/gunicorn/workers/base.py", line 147, in load_wsgi
    self.wsgi = self.app.wsgi()
                ^^^^^^^^^^^^^^^
  File "/home/rbradley/FlaskApp/flaskapp/lib/python3.12/site-packages/gunicorn/app/base.py", line 66, in wsgi
    self.callable = self.load()
                    ^^^^^^^^^^^
  File "/home/rbradley/FlaskApp/flaskapp/lib/python3.12/site-packages/gunicorn/app/wsgiapp.py", line 57, in load
    return self.load_wsgiapp()
           ^^^^^^^^^^^^^^^^^^^
  File "/home/rbradley/FlaskApp/flaskapp/lib/python3.12/site-packages/gunicorn/app/wsgiapp.py", line 47, in load_wsgiapp
    return util.import_app(self.app_uri)
           ^^^^^^^^^^^^^^^^^^^^^^^^^^^^^
  File "/home/rbradley/FlaskApp/flaskapp/lib/python3.12/site-packages/gunicorn/util.py", line 370, in import_app
    mod = importlib.import_module(module)
          ^^^^^^^^^^^^^^^^^^^^^^^^^^^^^^^
  File "/usr/lib/python3.12/importlib/__init__.py", line 90, in import_module
    return _bootstrap._gcd_import(name[level:], package, level)
           ^^^^^^^^^^^^^^^^^^^^^^^^^^^^^^^^^^^^^^^^^^^^^^^^^^^^
  File "<frozen importlib._bootstrap>", line 1387, in _gcd_import
  File "<frozen importlib._bootstrap>", line 1360, in _find_and_load
  File "<frozen importlib._bootstrap>", line 1331, in _find_and_load_unlocked
  File "<frozen importlib._bootstrap>", line 935, in _load_unlocked
  File "<frozen importlib._bootstrap_external>", line 995, in exec_module
  File "<frozen importlib._bootstrap>", line 488, in _call_with_frames_removed
  File "/home/rbradley/FlaskApp/hike/wsgi.py", line 1, in <module>
    from peak import app
  File "/home/rbradley/FlaskApp/hike/peak.py", line 19, in <module>
    setup_logging()
  File "/home/rbradley/FlaskApp/hike/peak.py", line 10, in setup_logging
    log_file_path = os.path.join(app.root_path, 'flaskapp.log')
                    ^^
NameError: name 'os' is not defined. Did you forget to import 'os'
[2024-10-19 01:03:12 +0000] [3406] [INFO] Worker exiting (pid: 3406)
[2024-10-19 01:03:12 +0000] [3407] [ERROR] Exception in worker process
Traceback (most recent call last):
  File "/home/rbradley/FlaskApp/flaskapp/lib/python3.12/site-packages/gunicorn/arbiter.py", line 608, in spawn_worker
    worker.init_process()
  File "/home/rbradley/FlaskApp/flaskapp/lib/python3.12/site-packages/gunicorn/workers/base.py", line 135, in init_process
    self.load_wsgi()
  File "/home/rbradley/FlaskApp/flaskapp/lib/python3.12/site-packages/gunicorn/workers/base.py", line 147, in load_wsgi
    self.wsgi = self.app.wsgi()
                ^^^^^^^^^^^^^^^
  File "/home/rbradley/FlaskApp/flaskapp/lib/python3.12/site-packages/gunicorn/app/base.py", line 66, in wsgi
    self.callable = self.load()
                    ^^^^^^^^^^^
  File "/home/rbradley/FlaskApp/flaskapp/lib/python3.12/site-packages/gunicorn/app/wsgiapp.py", line 57, in load
    return self.load_wsgiapp()
           ^^^^^^^^^^^^^^^^^^^
  File "/home/rbradley/FlaskApp/flaskapp/lib/python3.12/site-packages/gunicorn/app/wsgiapp.py", line 47, in load_wsgiapp
    return util.import_app(self.app_uri)
           ^^^^^^^^^^^^^^^^^^^^^^^^^^^^^
  File "/home/rbradley/FlaskApp/flaskapp/lib/python3.12/site-packages/gunicorn/util.py", line 370, in import_app
    mod = importlib.import_module(module)
          ^^^^^^^^^^^^^^^^^^^^^^^^^^^^^^^
  File "/usr/lib/python3.12/importlib/__init__.py", line 90, in import_module
    return _bootstrap._gcd_import(name[level:], package, level)
           ^^^^^^^^^^^^^^^^^^^^^^^^^^^^^^^^^^^^^^^^^^^^^^^^^^^^
  File "<frozen importlib._bootstrap>", line 1387, in _gcd_import
  File "<frozen importlib._bootstrap>", line 1360, in _find_and_load
  File "<frozen importlib._bootstrap>", line 1331, in _find_and_load_unlocked
  File "<frozen importlib._bootstrap>", line 935, in _load_unlocked
  File "<frozen importlib._bootstrap_external>", line 995, in exec_module
  File "<frozen importlib._bootstrap>", line 488, in _call_with_frames_removed
  File "/home/rbradley/FlaskApp/hike/wsgi.py", line 1, in <module>
    from peak import app
  File "/home/rbradley/FlaskApp/hike/peak.py", line 19, in <module>
    setup_logging()
  File "/home/rbradley/FlaskApp/hike/peak.py", line 10, in setup_logging
    log_file_path = os.path.join(app.root_path, 'flaskapp.log')
                    ^^
NameError: name 'os' is not defined. Did you forget to import 'os'
[2024-10-19 01:03:12 +0000] [3407] [INFO] Worker exiting (pid: 3407)
[2024-10-19 01:03:12 +0000] [3405] [ERROR] Worker (pid:3407) exited with code 3
[2024-10-19 01:03:12 +0000] [3405] [ERROR] Worker (pid:3406) was sent SIGTERM!
[2024-10-19 01:03:12 +0000] [3408] [ERROR] Exception in worker process
Traceback (most recent call last):
  File "/home/rbradley/FlaskApp/flaskapp/lib/python3.12/site-packages/gunicorn/arbiter.py", line 608, in spawn_worker
    worker.init_process()
  File "/home/rbradley/FlaskApp/flaskapp/lib/python3.12/site-packages/gunicorn/workers/base.py", line 135, in init_process
    self.load_wsgi()
  File "/home/rbradley/FlaskApp/flaskapp/lib/python3.12/site-packages/gunicorn/workers/base.py", line 147, in load_wsgi
    self.wsgi = self.app.wsgi()
                ^^^^^^^^^^^^^^^
  File "/home/rbradley/FlaskApp/flaskapp/lib/python3.12/site-packages/gunicorn/app/base.py", line 66, in wsgi
    self.callable = self.load()
                    ^^^^^^^^^^^
  File "/home/rbradley/FlaskApp/flaskapp/lib/python3.12/site-packages/gunicorn/app/wsgiapp.py", line 57, in load
    return self.load_wsgiapp()
           ^^^^^^^^^^^^^^^^^^^
  File "/home/rbradley/FlaskApp/flaskapp/lib/python3.12/site-packages/gunicorn/app/wsgiapp.py", line 47, in load_wsgiapp
    return util.import_app(self.app_uri)
           ^^^^^^^^^^^^^^^^^^^^^^^^^^^^^
  File "/home/rbradley/FlaskApp/flaskapp/lib/python3.12/site-packages/gunicorn/util.py", line 370, in import_app
    mod = importlib.import_module(module)
          ^^^^^^^^^^^^^^^^^^^^^^^^^^^^^^^
  File "/usr/lib/python3.12/importlib/__init__.py", line 90, in import_module
    return _bootstrap._gcd_import(name[level:], package, level)
           ^^^^^^^^^^^^^^^^^^^^^^^^^^^^^^^^^^^^^^^^^^^^^^^^^^^^
  File "<frozen importlib._bootstrap>", line 1387, in _gcd_import
  File "<frozen importlib._bootstrap>", line 1360, in _find_and_load
  File "<frozen importlib._bootstrap>", line 1331, in _find_and_load_unlocked
  File "<frozen importlib._bootstrap>", line 935, in _load_unlocked
  File "<frozen importlib._bootstrap_external>", line 995, in exec_module
  File "<frozen importlib._bootstrap>", line 488, in _call_with_frames_removed
  File "/home/rbradley/FlaskApp/hike/wsgi.py", line 1, in <module>
    from peak import app
  File "/home/rbradley/FlaskApp/hike/peak.py", line 19, in <module>
    setup_logging()
  File "/home/rbradley/FlaskApp/hike/peak.py", line 10, in setup_logging
    log_file_path = os.path.join(app.root_path, 'flaskapp.log')
                    ^^
NameError: name 'os' is not defined. Did you forget to import 'os'
[2024-10-19 01:03:12 +0000] [3408] [INFO] Worker exiting (pid: 3408)
[2024-10-19 01:03:12 +0000] [3405] [ERROR] Worker (pid:3408) exited with code 3
[2024-10-19 01:03:40 +0000] [3436] [INFO] Starting gunicorn 23.0.0
[2024-10-19 01:03:40 +0000] [3436] [INFO] Listening at: unix:peak2.sock (3436)
[2024-10-19 01:03:40 +0000] [3436] [INFO] Using worker: sync
[2024-10-19 01:03:40 +0000] [3437] [INFO] Booting worker with pid: 3437
[2024-10-19 01:03:40 +0000] [3438] [INFO] Booting worker with pid: 3438
[2024-10-19 01:03:40 +0000] [3439] [INFO] Booting worker with pid: 3439
[2024-10-19 01:08:59 +0000] [3436] [INFO] Handling signal: term
[2024-10-19 01:08:59 +0000] [3437] [INFO] Worker exiting (pid: 3437)
[2024-10-19 01:08:59 +0000] [3438] [INFO] Worker exiting (pid: 3438)
[2024-10-19 01:08:59 +0000] [3439] [INFO] Worker exiting (pid: 3439)
[2024-10-19 01:08:59 +0000] [3436] [ERROR] Worker (pid:3438) was sent SIGTERM!
[2024-10-19 01:08:59 +0000] [3436] [ERROR] Worker (pid:3439) was sent SIGTERM!
[2024-10-19 01:08:59 +0000] [3436] [INFO] Shutting down: Master
[2024-10-19 01:08:59 +0000] [3517] [INFO] Starting gunicorn 23.0.0
[2024-10-19 01:08:59 +0000] [3517] [INFO] Listening at: unix:peak2.sock (3517)
[2024-10-19 01:08:59 +0000] [3517] [INFO] Using worker: sync
[2024-10-19 01:08:59 +0000] [3518] [INFO] Booting worker with pid: 3518
[2024-10-19 01:08:59 +0000] [3518] [ERROR] Exception in worker process
Traceback (most recent call last):
  File "/home/rbradley/FlaskApp/flaskapp/lib/python3.12/site-packages/gunicorn/arbiter.py", line 608, in spawn_worker
    worker.init_process()
  File "/home/rbradley/FlaskApp/flaskapp/lib/python3.12/site-packages/gunicorn/workers/base.py", line 135, in init_process
    self.load_wsgi()
  File "/home/rbradley/FlaskApp/flaskapp/lib/python3.12/site-packages/gunicorn/workers/base.py", line 147, in load_wsgi
    self.wsgi = self.app.wsgi()
                ^^^^^^^^^^^^^^^
  File "/home/rbradley/FlaskApp/flaskapp/lib/python3.12/site-packages/gunicorn/app/base.py", line 66, in wsgi
    self.callable = self.load()
                    ^^^^^^^^^^^
  File "/home/rbradley/FlaskApp/flaskapp/lib/python3.12/site-packages/gunicorn/app/wsgiapp.py", line 57, in load
    return self.load_wsgiapp()
           ^^^^^^^^^^^^^^^^^^^
  File "/home/rbradley/FlaskApp/flaskapp/lib/python3.12/site-packages/gunicorn/app/wsgiapp.py", line 47, in load_wsgiapp
    return util.import_app(self.app_uri)
           ^^^^^^^^^^^^^^^^^^^^^^^^^^^^^
  File "/home/rbradley/FlaskApp/flaskapp/lib/python3.12/site-packages/gunicorn/util.py", line 370, in import_app
    mod = importlib.import_module(module)
          ^^^^^^^^^^^^^^^^^^^^^^^^^^^^^^^
  File "/usr/lib/python3.12/importlib/__init__.py", line 90, in import_module
    return _bootstrap._gcd_import(name[level:], package, level)
           ^^^^^^^^^^^^^^^^^^^^^^^^^^^^^^^^^^^^^^^^^^^^^^^^^^^^
  File "<frozen importlib._bootstrap>", line 1387, in _gcd_import
  File "<frozen importlib._bootstrap>", line 1360, in _find_and_load
  File "<frozen importlib._bootstrap>", line 1331, in _find_and_load_unlocked
  File "<frozen importlib._bootstrap>", line 935, in _load_unlocked
  File "<frozen importlib._bootstrap_external>", line 995, in exec_module
  File "<frozen importlib._bootstrap>", line 488, in _call_with_frames_removed
  File "/home/rbradley/FlaskApp/hike/wsgi.py", line 1, in <module>
    from peak import app
  File "/home/rbradley/FlaskApp/hike/peak.py", line 18
    app.logger.addHandler(handler)
    ^^^
IndentationError: expected an indented block after 'if' statement on line 17
[2024-10-19 01:08:59 +0000] [3518] [INFO] Worker exiting (pid: 3518)
[2024-10-19 01:08:59 +0000] [3519] [INFO] Booting worker with pid: 3519
[2024-10-19 01:08:59 +0000] [3519] [ERROR] Exception in worker process
Traceback (most recent call last):
  File "/home/rbradley/FlaskApp/flaskapp/lib/python3.12/site-packages/gunicorn/arbiter.py", line 608, in spawn_worker
    worker.init_process()
  File "/home/rbradley/FlaskApp/flaskapp/lib/python3.12/site-packages/gunicorn/workers/base.py", line 135, in init_process
    self.load_wsgi()
  File "/home/rbradley/FlaskApp/flaskapp/lib/python3.12/site-packages/gunicorn/workers/base.py", line 147, in load_wsgi
    self.wsgi = self.app.wsgi()
                ^^^^^^^^^^^^^^^
  File "/home/rbradley/FlaskApp/flaskapp/lib/python3.12/site-packages/gunicorn/app/base.py", line 66, in wsgi
    self.callable = self.load()
                    ^^^^^^^^^^^
  File "/home/rbradley/FlaskApp/flaskapp/lib/python3.12/site-packages/gunicorn/app/wsgiapp.py", line 57, in load
    return self.load_wsgiapp()
           ^^^^^^^^^^^^^^^^^^^
  File "/home/rbradley/FlaskApp/flaskapp/lib/python3.12/site-packages/gunicorn/app/wsgiapp.py", line 47, in load_wsgiapp
    return util.import_app(self.app_uri)
           ^^^^^^^^^^^^^^^^^^^^^^^^^^^^^
  File "/home/rbradley/FlaskApp/flaskapp/lib/python3.12/site-packages/gunicorn/util.py", line 370, in import_app
    mod = importlib.import_module(module)
          ^^^^^^^^^^^^^^^^^^^^^^^^^^^^^^^
  File "/usr/lib/python3.12/importlib/__init__.py", line 90, in import_module
    return _bootstrap._gcd_import(name[level:], package, level)
           ^^^^^^^^^^^^^^^^^^^^^^^^^^^^^^^^^^^^^^^^^^^^^^^^^^^^
  File "<frozen importlib._bootstrap>", line 1387, in _gcd_import
  File "<frozen importlib._bootstrap>", line 1360, in _find_and_load
  File "<frozen importlib._bootstrap>", line 1331, in _find_and_load_unlocked
  File "<frozen importlib._bootstrap>", line 935, in _load_unlocked
  File "<frozen importlib._bootstrap_external>", line 995, in exec_module
  File "<frozen importlib._bootstrap>", line 488, in _call_with_frames_removed
  File "/home/rbradley/FlaskApp/hike/wsgi.py", line 1, in <module>
    from peak import app
  File "/home/rbradley/FlaskApp/hike/peak.py", line 18
    app.logger.addHandler(handler)
    ^^^
IndentationError: expected an indented block after 'if' statement on line 17
[2024-10-19 01:08:59 +0000] [3519] [INFO] Worker exiting (pid: 3519)
[2024-10-19 01:08:59 +0000] [3517] [ERROR] Worker (pid:3518) exited with code 3
[2024-10-19 01:08:59 +0000] [3517] [ERROR] Worker (pid:3519) was sent SIGTERM!
[2024-10-19 01:08:59 +0000] [3517] [ERROR] Shutting down: Master
[2024-10-19 01:08:59 +0000] [3517] [ERROR] Reason: Worker failed to boot.
[2024-10-19 01:10:40 +0000] [3574] [INFO] Starting gunicorn 23.0.0
[2024-10-19 01:10:40 +0000] [3574] [INFO] Listening at: unix:peak2.sock (3574)
[2024-10-19 01:10:40 +0000] [3574] [INFO] Using worker: sync
[2024-10-19 01:10:40 +0000] [3575] [INFO] Booting worker with pid: 3575
[2024-10-19 01:10:40 +0000] [3576] [INFO] Booting worker with pid: 3576
[2024-10-19 01:10:40 +0000] [3577] [INFO] Booting worker with pid: 3577
[2024-10-19 01:18:54 +0000] [3575] [INFO] Worker exiting (pid: 3575)
[2024-10-19 01:18:54 +0000] [3576] [INFO] Worker exiting (pid: 3576)
[2024-10-19 01:18:54 +0000] [3574] [INFO] Handling signal: term
[2024-10-19 01:18:54 +0000] [3577] [INFO] Worker exiting (pid: 3577)
[2024-10-19 01:18:54 +0000] [3574] [ERROR] Worker (pid:3575) was sent SIGTERM!
[2024-10-19 01:18:54 +0000] [3574] [ERROR] Worker (pid:3576) was sent SIGTERM!
[2024-10-19 01:18:54 +0000] [3574] [INFO] Shutting down: Master
[2024-10-19 01:18:54 +0000] [3634] [INFO] Starting gunicorn 23.0.0
[2024-10-19 01:18:54 +0000] [3634] [INFO] Listening at: unix:peak2.sock (3634)
[2024-10-19 01:18:54 +0000] [3634] [INFO] Using worker: sync
[2024-10-19 01:18:54 +0000] [3637] [INFO] Booting worker with pid: 3637
[2024-10-19 01:18:54 +0000] [3638] [INFO] Booting worker with pid: 3638
[2024-10-19 01:18:54 +0000] [3639] [INFO] Booting worker with pid: 3639
[2024-10-19 01:18:54 +0000] [3637] [ERROR] Exception in worker process
Traceback (most recent call last):
  File "/home/rbradley/FlaskApp/flaskapp/lib/python3.12/site-packages/gunicorn/arbiter.py", line 608, in spawn_worker
    worker.init_process()
  File "/home/rbradley/FlaskApp/flaskapp/lib/python3.12/site-packages/gunicorn/workers/base.py", line 135, in init_process
    self.load_wsgi()
  File "/home/rbradley/FlaskApp/flaskapp/lib/python3.12/site-packages/gunicorn/workers/base.py", line 147, in load_wsgi
    self.wsgi = self.app.wsgi()
                ^^^^^^^^^^^^^^^
  File "/home/rbradley/FlaskApp/flaskapp/lib/python3.12/site-packages/gunicorn/app/base.py", line 66, in wsgi
    self.callable = self.load()
                    ^^^^^^^^^^^
  File "/home/rbradley/FlaskApp/flaskapp/lib/python3.12/site-packages/gunicorn/app/wsgiapp.py", line 57, in load
    return self.load_wsgiapp()
           ^^^^^^^^^^^^^^^^^^^
  File "/home/rbradley/FlaskApp/flaskapp/lib/python3.12/site-packages/gunicorn/app/wsgiapp.py", line 47, in load_wsgiapp
    return util.import_app(self.app_uri)
           ^^^^^^^^^^^^^^^^^^^^^^^^^^^^^
  File "/home/rbradley/FlaskApp/flaskapp/lib/python3.12/site-packages/gunicorn/util.py", line 370, in import_app
    mod = importlib.import_module(module)
          ^^^^^^^^^^^^^^^^^^^^^^^^^^^^^^^
  File "/usr/lib/python3.12/importlib/__init__.py", line 90, in import_module
    return _bootstrap._gcd_import(name[level:], package, level)
           ^^^^^^^^^^^^^^^^^^^^^^^^^^^^^^^^^^^^^^^^^^^^^^^^^^^^
  File "<frozen importlib._bootstrap>", line 1387, in _gcd_import
  File "<frozen importlib._bootstrap>", line 1360, in _find_and_load
  File "<frozen importlib._bootstrap>", line 1331, in _find_and_load_unlocked
  File "<frozen importlib._bootstrap>", line 935, in _load_unlocked
  File "<frozen importlib._bootstrap_external>", line 995, in exec_module
  File "<frozen importlib._bootstrap>", line 488, in _call_with_frames_removed
  File "/home/rbradley/FlaskApp/hike/wsgi.py", line 1, in <module>
    from peak import app
  File "/home/rbradley/FlaskApp/hike/peak.py", line 5, in <module>
    logging.basicConfig(filename='flaskapp.log', format="%(levelname)s:%(name)s:%(message)s")
    ^^^^^^^^^^^^^^^^^^^
AttributeError: module 'flask.logging' has no attribute 'basicConfig'
[2024-10-19 01:18:54 +0000] [3637] [INFO] Worker exiting (pid: 3637)
[2024-10-19 01:18:55 +0000] [3634] [ERROR] Worker (pid:3637) exited with code 3
[2024-10-19 01:18:55 +0000] [3638] [ERROR] Exception in worker process
Traceback (most recent call last):
  File "/home/rbradley/FlaskApp/flaskapp/lib/python3.12/site-packages/gunicorn/arbiter.py", line 608, in spawn_worker
    worker.init_process()
  File "/home/rbradley/FlaskApp/flaskapp/lib/python3.12/site-packages/gunicorn/workers/base.py", line 135, in init_process
    self.load_wsgi()
  File "/home/rbradley/FlaskApp/flaskapp/lib/python3.12/site-packages/gunicorn/workers/base.py", line 147, in load_wsgi
    self.wsgi = self.app.wsgi()
                ^^^^^^^^^^^^^^^
  File "/home/rbradley/FlaskApp/flaskapp/lib/python3.12/site-packages/gunicorn/app/base.py", line 66, in wsgi
    self.callable = self.load()
                    ^^^^^^^^^^^
  File "/home/rbradley/FlaskApp/flaskapp/lib/python3.12/site-packages/gunicorn/app/wsgiapp.py", line 57, in load
    return self.load_wsgiapp()
           ^^^^^^^^^^^^^^^^^^^
  File "/home/rbradley/FlaskApp/flaskapp/lib/python3.12/site-packages/gunicorn/app/wsgiapp.py", line 47, in load_wsgiapp
    return util.import_app(self.app_uri)
           ^^^^^^^^^^^^^^^^^^^^^^^^^^^^^
  File "/home/rbradley/FlaskApp/flaskapp/lib/python3.12/site-packages/gunicorn/util.py", line 370, in import_app
    mod = importlib.import_module(module)
          ^^^^^^^^^^^^^^^^^^^^^^^^^^^^^^^
  File "/usr/lib/python3.12/importlib/__init__.py", line 90, in import_module
    return _bootstrap._gcd_import(name[level:], package, level)
           ^^^^^^^^^^^^^^^^^^^^^^^^^^^^^^^^^^^^^^^^^^^^^^^^^^^^
  File "<frozen importlib._bootstrap>", line 1387, in _gcd_import
  File "<frozen importlib._bootstrap>", line 1360, in _find_and_load
  File "<frozen importlib._bootstrap>", line 1331, in _find_and_load_unlocked
  File "<frozen importlib._bootstrap>", line 935, in _load_unlocked
  File "<frozen importlib._bootstrap_external>", line 995, in exec_module
  File "<frozen importlib._bootstrap>", line 488, in _call_with_frames_removed
  File "/home/rbradley/FlaskApp/hike/wsgi.py", line 1, in <module>
    from peak import app
  File "/home/rbradley/FlaskApp/hike/peak.py", line 5, in <module>
    logging.basicConfig(filename='flaskapp.log', format="%(levelname)s:%(name)s:%(message)s")
    ^^^^^^^^^^^^^^^^^^^
AttributeError: module 'flask.logging' has no attribute 'basicConfig'
[2024-10-19 01:18:55 +0000] [3638] [INFO] Worker exiting (pid: 3638)
[2024-10-19 01:18:55 +0000] [3639] [ERROR] Exception in worker process
Traceback (most recent call last):
  File "/home/rbradley/FlaskApp/flaskapp/lib/python3.12/site-packages/gunicorn/arbiter.py", line 608, in spawn_worker
    worker.init_process()
  File "/home/rbradley/FlaskApp/flaskapp/lib/python3.12/site-packages/gunicorn/workers/base.py", line 135, in init_process
    self.load_wsgi()
  File "/home/rbradley/FlaskApp/flaskapp/lib/python3.12/site-packages/gunicorn/workers/base.py", line 147, in load_wsgi
    self.wsgi = self.app.wsgi()
                ^^^^^^^^^^^^^^^
  File "/home/rbradley/FlaskApp/flaskapp/lib/python3.12/site-packages/gunicorn/app/base.py", line 66, in wsgi
    self.callable = self.load()
                    ^^^^^^^^^^^
  File "/home/rbradley/FlaskApp/flaskapp/lib/python3.12/site-packages/gunicorn/app/wsgiapp.py", line 57, in load
    return self.load_wsgiapp()
           ^^^^^^^^^^^^^^^^^^^
  File "/home/rbradley/FlaskApp/flaskapp/lib/python3.12/site-packages/gunicorn/app/wsgiapp.py", line 47, in load_wsgiapp
    return util.import_app(self.app_uri)
           ^^^^^^^^^^^^^^^^^^^^^^^^^^^^^
  File "/home/rbradley/FlaskApp/flaskapp/lib/python3.12/site-packages/gunicorn/util.py", line 370, in import_app
    mod = importlib.import_module(module)
          ^^^^^^^^^^^^^^^^^^^^^^^^^^^^^^^
  File "/usr/lib/python3.12/importlib/__init__.py", line 90, in import_module
    return _bootstrap._gcd_import(name[level:], package, level)
           ^^^^^^^^^^^^^^^^^^^^^^^^^^^^^^^^^^^^^^^^^^^^^^^^^^^^
  File "<frozen importlib._bootstrap>", line 1387, in _gcd_import
  File "<frozen importlib._bootstrap>", line 1360, in _find_and_load
  File "<frozen importlib._bootstrap>", line 1331, in _find_and_load_unlocked
  File "<frozen importlib._bootstrap>", line 935, in _load_unlocked
  File "<frozen importlib._bootstrap_external>", line 995, in exec_module
  File "<frozen importlib._bootstrap>", line 488, in _call_with_frames_removed
  File "/home/rbradley/FlaskApp/hike/wsgi.py", line 1, in <module>
    from peak import app
  File "/home/rbradley/FlaskApp/hike/peak.py", line 5, in <module>
    logging.basicConfig(filename='flaskapp.log', format="%(levelname)s:%(name)s:%(message)s")
    ^^^^^^^^^^^^^^^^^^^
AttributeError: module 'flask.logging' has no attribute 'basicConfig'
[2024-10-19 01:18:55 +0000] [3639] [INFO] Worker exiting (pid: 3639)
[2024-10-19 01:18:55 +0000] [3634] [ERROR] Worker (pid:3638) exited with code 3
[2024-10-19 01:21:06 +0000] [3698] [INFO] Starting gunicorn 23.0.0
[2024-10-19 01:21:06 +0000] [3698] [INFO] Listening at: unix:peak2.sock (3698)
[2024-10-19 01:21:06 +0000] [3698] [INFO] Using worker: sync
[2024-10-19 01:21:06 +0000] [3699] [INFO] Booting worker with pid: 3699
[2024-10-19 01:21:06 +0000] [3700] [INFO] Booting worker with pid: 3700
[2024-10-19 01:21:06 +0000] [3701] [INFO] Booting worker with pid: 3701
[2024-10-19 01:21:07 +0000] [3699] [ERROR] Exception in worker process
Traceback (most recent call last):
  File "/home/rbradley/FlaskApp/flaskapp/lib/python3.12/site-packages/gunicorn/arbiter.py", line 608, in spawn_worker
    worker.init_process()
  File "/home/rbradley/FlaskApp/flaskapp/lib/python3.12/site-packages/gunicorn/workers/base.py", line 135, in init_process
    self.load_wsgi()
  File "/home/rbradley/FlaskApp/flaskapp/lib/python3.12/site-packages/gunicorn/workers/base.py", line 147, in load_wsgi
    self.wsgi = self.app.wsgi()
                ^^^^^^^^^^^^^^^
  File "/home/rbradley/FlaskApp/flaskapp/lib/python3.12/site-packages/gunicorn/app/base.py", line 66, in wsgi
    self.callable = self.load()
                    ^^^^^^^^^^^
  File "/home/rbradley/FlaskApp/flaskapp/lib/python3.12/site-packages/gunicorn/app/wsgiapp.py", line 57, in load
    return self.load_wsgiapp()
           ^^^^^^^^^^^^^^^^^^^
  File "/home/rbradley/FlaskApp/flaskapp/lib/python3.12/site-packages/gunicorn/app/wsgiapp.py", line 47, in load_wsgiapp
    return util.import_app(self.app_uri)
           ^^^^^^^^^^^^^^^^^^^^^^^^^^^^^
  File "/home/rbradley/FlaskApp/flaskapp/lib/python3.12/site-packages/gunicorn/util.py", line 370, in import_app
    mod = importlib.import_module(module)
          ^^^^^^^^^^^^^^^^^^^^^^^^^^^^^^^
  File "/usr/lib/python3.12/importlib/__init__.py", line 90, in import_module
    return _bootstrap._gcd_import(name[level:], package, level)
           ^^^^^^^^^^^^^^^^^^^^^^^^^^^^^^^^^^^^^^^^^^^^^^^^^^^^
  File "<frozen importlib._bootstrap>", line 1387, in _gcd_import
  File "<frozen importlib._bootstrap>", line 1360, in _find_and_load
  File "<frozen importlib._bootstrap>", line 1331, in _find_and_load_unlocked
  File "<frozen importlib._bootstrap>", line 935, in _load_unlocked
  File "<frozen importlib._bootstrap_external>", line 995, in exec_module
  File "<frozen importlib._bootstrap>", line 488, in _call_with_frames_removed
  File "/home/rbradley/FlaskApp/hike/wsgi.py", line 1, in <module>
    from peak import app
  File "/home/rbradley/FlaskApp/hike/peak.py", line 5, in <module>
    logging.basicConfig(filename='flaskapp.log', format="%(levelname)s:%(name)s:%(message)s")
    ^^^^^^^^^^^^^^^^^^^
AttributeError: module 'flask.logging' has no attribute 'basicConfig'
[2024-10-19 01:21:07 +0000] [3699] [INFO] Worker exiting (pid: 3699)
[2024-10-19 01:21:07 +0000] [3698] [ERROR] Worker (pid:3699) exited with code 3
[2024-10-19 01:21:07 +0000] [3700] [ERROR] Exception in worker process
Traceback (most recent call last):
  File "/home/rbradley/FlaskApp/flaskapp/lib/python3.12/site-packages/gunicorn/arbiter.py", line 608, in spawn_worker
    worker.init_process()
  File "/home/rbradley/FlaskApp/flaskapp/lib/python3.12/site-packages/gunicorn/workers/base.py", line 135, in init_process
    self.load_wsgi()
  File "/home/rbradley/FlaskApp/flaskapp/lib/python3.12/site-packages/gunicorn/workers/base.py", line 147, in load_wsgi
    self.wsgi = self.app.wsgi()
                ^^^^^^^^^^^^^^^
  File "/home/rbradley/FlaskApp/flaskapp/lib/python3.12/site-packages/gunicorn/app/base.py", line 66, in wsgi
    self.callable = self.load()
                    ^^^^^^^^^^^
  File "/home/rbradley/FlaskApp/flaskapp/lib/python3.12/site-packages/gunicorn/app/wsgiapp.py", line 57, in load
    return self.load_wsgiapp()
           ^^^^^^^^^^^^^^^^^^^
  File "/home/rbradley/FlaskApp/flaskapp/lib/python3.12/site-packages/gunicorn/app/wsgiapp.py", line 47, in load_wsgiapp
    return util.import_app(self.app_uri)
           ^^^^^^^^^^^^^^^^^^^^^^^^^^^^^
  File "/home/rbradley/FlaskApp/flaskapp/lib/python3.12/site-packages/gunicorn/util.py", line 370, in import_app
    mod = importlib.import_module(module)
          ^^^^^^^^^^^^^^^^^^^^^^^^^^^^^^^
  File "/usr/lib/python3.12/importlib/__init__.py", line 90, in import_module
    return _bootstrap._gcd_import(name[level:], package, level)
           ^^^^^^^^^^^^^^^^^^^^^^^^^^^^^^^^^^^^^^^^^^^^^^^^^^^^
  File "<frozen importlib._bootstrap>", line 1387, in _gcd_import
  File "<frozen importlib._bootstrap>", line 1360, in _find_and_load
  File "<frozen importlib._bootstrap>", line 1331, in _find_and_load_unlocked
  File "<frozen importlib._bootstrap>", line 935, in _load_unlocked
  File "<frozen importlib._bootstrap_external>", line 995, in exec_module
  File "<frozen importlib._bootstrap>", line 488, in _call_with_frames_removed
  File "/home/rbradley/FlaskApp/hike/wsgi.py", line 1, in <module>
    from peak import app
  File "/home/rbradley/FlaskApp/hike/peak.py", line 5, in <module>
    logging.basicConfig(filename='flaskapp.log', format="%(levelname)s:%(name)s:%(message)s")
    ^^^^^^^^^^^^^^^^^^^
AttributeError: module 'flask.logging' has no attribute 'basicConfig'
[2024-10-19 01:21:07 +0000] [3700] [INFO] Worker exiting (pid: 3700)
[2024-10-19 01:21:07 +0000] [3701] [ERROR] Exception in worker process
Traceback (most recent call last):
  File "/home/rbradley/FlaskApp/flaskapp/lib/python3.12/site-packages/gunicorn/arbiter.py", line 608, in spawn_worker
    worker.init_process()
  File "/home/rbradley/FlaskApp/flaskapp/lib/python3.12/site-packages/gunicorn/workers/base.py", line 135, in init_process
    self.load_wsgi()
  File "/home/rbradley/FlaskApp/flaskapp/lib/python3.12/site-packages/gunicorn/workers/base.py", line 147, in load_wsgi
    self.wsgi = self.app.wsgi()
                ^^^^^^^^^^^^^^^
  File "/home/rbradley/FlaskApp/flaskapp/lib/python3.12/site-packages/gunicorn/app/base.py", line 66, in wsgi
    self.callable = self.load()
                    ^^^^^^^^^^^
  File "/home/rbradley/FlaskApp/flaskapp/lib/python3.12/site-packages/gunicorn/app/wsgiapp.py", line 57, in load
    return self.load_wsgiapp()
           ^^^^^^^^^^^^^^^^^^^
  File "/home/rbradley/FlaskApp/flaskapp/lib/python3.12/site-packages/gunicorn/app/wsgiapp.py", line 47, in load_wsgiapp
    return util.import_app(self.app_uri)
           ^^^^^^^^^^^^^^^^^^^^^^^^^^^^^
  File "/home/rbradley/FlaskApp/flaskapp/lib/python3.12/site-packages/gunicorn/util.py", line 370, in import_app
    mod = importlib.import_module(module)
          ^^^^^^^^^^^^^^^^^^^^^^^^^^^^^^^
  File "/usr/lib/python3.12/importlib/__init__.py", line 90, in import_module
    return _bootstrap._gcd_import(name[level:], package, level)
           ^^^^^^^^^^^^^^^^^^^^^^^^^^^^^^^^^^^^^^^^^^^^^^^^^^^^
  File "<frozen importlib._bootstrap>", line 1387, in _gcd_import
  File "<frozen importlib._bootstrap>", line 1360, in _find_and_load
  File "<frozen importlib._bootstrap>", line 1331, in _find_and_load_unlocked
  File "<frozen importlib._bootstrap>", line 935, in _load_unlocked
  File "<frozen importlib._bootstrap_external>", line 995, in exec_module
  File "<frozen importlib._bootstrap>", line 488, in _call_with_frames_removed
  File "/home/rbradley/FlaskApp/hike/wsgi.py", line 1, in <module>
    from peak import app
  File "/home/rbradley/FlaskApp/hike/peak.py", line 5, in <module>
    logging.basicConfig(filename='flaskapp.log', format="%(levelname)s:%(name)s:%(message)s")
    ^^^^^^^^^^^^^^^^^^^
AttributeError: module 'flask.logging' has no attribute 'basicConfig'
[2024-10-19 01:21:07 +0000] [3701] [INFO] Worker exiting (pid: 3701)
[2024-10-19 01:21:07 +0000] [3698] [ERROR] Worker (pid:3701) exited with code 3
[2024-10-19 01:21:07 +0000] [3698] [ERROR] Worker (pid:3700) exited with code 3
[2024-10-19 01:22:39 +0000] [3715] [INFO] Starting gunicorn 23.0.0
[2024-10-19 01:22:39 +0000] [3715] [INFO] Listening at: unix:peak2.sock (3715)
[2024-10-19 01:22:39 +0000] [3715] [INFO] Using worker: sync
[2024-10-19 01:22:39 +0000] [3716] [INFO] Booting worker with pid: 3716
[2024-10-19 01:22:39 +0000] [3717] [INFO] Booting worker with pid: 3717
[2024-10-19 01:22:39 +0000] [3718] [INFO] Booting worker with pid: 3718
[2024-10-19 01:22:39 +0000] [3716] [ERROR] Exception in worker process
Traceback (most recent call last):
  File "/home/rbradley/FlaskApp/flaskapp/lib/python3.12/site-packages/gunicorn/arbiter.py", line 608, in spawn_worker
    worker.init_process()
  File "/home/rbradley/FlaskApp/flaskapp/lib/python3.12/site-packages/gunicorn/workers/base.py", line 135, in init_process
    self.load_wsgi()
  File "/home/rbradley/FlaskApp/flaskapp/lib/python3.12/site-packages/gunicorn/workers/base.py", line 147, in load_wsgi
    self.wsgi = self.app.wsgi()
                ^^^^^^^^^^^^^^^
  File "/home/rbradley/FlaskApp/flaskapp/lib/python3.12/site-packages/gunicorn/app/base.py", line 66, in wsgi
    self.callable = self.load()
                    ^^^^^^^^^^^
  File "/home/rbradley/FlaskApp/flaskapp/lib/python3.12/site-packages/gunicorn/app/wsgiapp.py", line 57, in load
    return self.load_wsgiapp()
           ^^^^^^^^^^^^^^^^^^^
  File "/home/rbradley/FlaskApp/flaskapp/lib/python3.12/site-packages/gunicorn/app/wsgiapp.py", line 47, in load_wsgiapp
    return util.import_app(self.app_uri)
           ^^^^^^^^^^^^^^^^^^^^^^^^^^^^^
  File "/home/rbradley/FlaskApp/flaskapp/lib/python3.12/site-packages/gunicorn/util.py", line 370, in import_app
    mod = importlib.import_module(module)
          ^^^^^^^^^^^^^^^^^^^^^^^^^^^^^^^
  File "/usr/lib/python3.12/importlib/__init__.py", line 90, in import_module
    return _bootstrap._gcd_import(name[level:], package, level)
           ^^^^^^^^^^^^^^^^^^^^^^^^^^^^^^^^^^^^^^^^^^^^^^^^^^^^
  File "<frozen importlib._bootstrap>", line 1387, in _gcd_import
  File "<frozen importlib._bootstrap>", line 1360, in _find_and_load
  File "<frozen importlib._bootstrap>", line 1331, in _find_and_load_unlocked
  File "<frozen importlib._bootstrap>", line 935, in _load_unlocked
  File "<frozen importlib._bootstrap_external>", line 995, in exec_module
  File "<frozen importlib._bootstrap>", line 488, in _call_with_frames_removed
  File "/home/rbradley/FlaskApp/hike/wsgi.py", line 1, in <module>
    from peak import app
  File "/home/rbradley/FlaskApp/hike/peak.py", line 5, in <module>
    logging.basicConfig(filename='flaskapp2.log', format="%(levelname)s:%(name)s:%(message)s")
    ^^^^^^^^^^^^^^^^^^^
AttributeError: module 'flask.logging' has no attribute 'basicConfig'
[2024-10-19 01:22:39 +0000] [3716] [INFO] Worker exiting (pid: 3716)
[2024-10-19 01:22:39 +0000] [3717] [ERROR] Exception in worker process
Traceback (most recent call last):
  File "/home/rbradley/FlaskApp/flaskapp/lib/python3.12/site-packages/gunicorn/arbiter.py", line 608, in spawn_worker
    worker.init_process()
  File "/home/rbradley/FlaskApp/flaskapp/lib/python3.12/site-packages/gunicorn/workers/base.py", line 135, in init_process
    self.load_wsgi()
  File "/home/rbradley/FlaskApp/flaskapp/lib/python3.12/site-packages/gunicorn/workers/base.py", line 147, in load_wsgi
    self.wsgi = self.app.wsgi()
                ^^^^^^^^^^^^^^^
  File "/home/rbradley/FlaskApp/flaskapp/lib/python3.12/site-packages/gunicorn/app/base.py", line 66, in wsgi
    self.callable = self.load()
                    ^^^^^^^^^^^
  File "/home/rbradley/FlaskApp/flaskapp/lib/python3.12/site-packages/gunicorn/app/wsgiapp.py", line 57, in load
    return self.load_wsgiapp()
           ^^^^^^^^^^^^^^^^^^^
  File "/home/rbradley/FlaskApp/flaskapp/lib/python3.12/site-packages/gunicorn/app/wsgiapp.py", line 47, in load_wsgiapp
    return util.import_app(self.app_uri)
           ^^^^^^^^^^^^^^^^^^^^^^^^^^^^^
  File "/home/rbradley/FlaskApp/flaskapp/lib/python3.12/site-packages/gunicorn/util.py", line 370, in import_app
    mod = importlib.import_module(module)
          ^^^^^^^^^^^^^^^^^^^^^^^^^^^^^^^
  File "/usr/lib/python3.12/importlib/__init__.py", line 90, in import_module
    return _bootstrap._gcd_import(name[level:], package, level)
           ^^^^^^^^^^^^^^^^^^^^^^^^^^^^^^^^^^^^^^^^^^^^^^^^^^^^
  File "<frozen importlib._bootstrap>", line 1387, in _gcd_import
  File "<frozen importlib._bootstrap>", line 1360, in _find_and_load
  File "<frozen importlib._bootstrap>", line 1331, in _find_and_load_unlocked
  File "<frozen importlib._bootstrap>", line 935, in _load_unlocked
  File "<frozen importlib._bootstrap_external>", line 995, in exec_module
  File "<frozen importlib._bootstrap>", line 488, in _call_with_frames_removed
  File "/home/rbradley/FlaskApp/hike/wsgi.py", line 1, in <module>
    from peak import app
  File "/home/rbradley/FlaskApp/hike/peak.py", line 5, in <module>
    logging.basicConfig(filename='flaskapp2.log', format="%(levelname)s:%(name)s:%(message)s")
    ^^^^^^^^^^^^^^^^^^^
AttributeError: module 'flask.logging' has no attribute 'basicConfig'
[2024-10-19 01:22:39 +0000] [3717] [INFO] Worker exiting (pid: 3717)
[2024-10-19 01:22:39 +0000] [3715] [ERROR] Worker (pid:3716) exited with code 3
[2024-10-19 01:22:39 +0000] [3715] [ERROR] Worker (pid:3717) was sent SIGTERM!
[2024-10-19 01:22:39 +0000] [3718] [ERROR] Exception in worker process
Traceback (most recent call last):
  File "/home/rbradley/FlaskApp/flaskapp/lib/python3.12/site-packages/gunicorn/arbiter.py", line 608, in spawn_worker
    worker.init_process()
  File "/home/rbradley/FlaskApp/flaskapp/lib/python3.12/site-packages/gunicorn/workers/base.py", line 135, in init_process
    self.load_wsgi()
  File "/home/rbradley/FlaskApp/flaskapp/lib/python3.12/site-packages/gunicorn/workers/base.py", line 147, in load_wsgi
    self.wsgi = self.app.wsgi()
                ^^^^^^^^^^^^^^^
  File "/home/rbradley/FlaskApp/flaskapp/lib/python3.12/site-packages/gunicorn/app/base.py", line 66, in wsgi
    self.callable = self.load()
                    ^^^^^^^^^^^
  File "/home/rbradley/FlaskApp/flaskapp/lib/python3.12/site-packages/gunicorn/app/wsgiapp.py", line 57, in load
    return self.load_wsgiapp()
           ^^^^^^^^^^^^^^^^^^^
  File "/home/rbradley/FlaskApp/flaskapp/lib/python3.12/site-packages/gunicorn/app/wsgiapp.py", line 47, in load_wsgiapp
    return util.import_app(self.app_uri)
           ^^^^^^^^^^^^^^^^^^^^^^^^^^^^^
  File "/home/rbradley/FlaskApp/flaskapp/lib/python3.12/site-packages/gunicorn/util.py", line 370, in import_app
    mod = importlib.import_module(module)
          ^^^^^^^^^^^^^^^^^^^^^^^^^^^^^^^
  File "/usr/lib/python3.12/importlib/__init__.py", line 90, in import_module
    return _bootstrap._gcd_import(name[level:], package, level)
           ^^^^^^^^^^^^^^^^^^^^^^^^^^^^^^^^^^^^^^^^^^^^^^^^^^^^
  File "<frozen importlib._bootstrap>", line 1387, in _gcd_import
  File "<frozen importlib._bootstrap>", line 1360, in _find_and_load
  File "<frozen importlib._bootstrap>", line 1331, in _find_and_load_unlocked
  File "<frozen importlib._bootstrap>", line 935, in _load_unlocked
  File "<frozen importlib._bootstrap_external>", line 995, in exec_module
  File "<frozen importlib._bootstrap>", line 488, in _call_with_frames_removed
  File "/home/rbradley/FlaskApp/hike/wsgi.py", line 1, in <module>
    from peak import app
  File "/home/rbradley/FlaskApp/hike/peak.py", line 5, in <module>
    logging.basicConfig(filename='flaskapp2.log', format="%(levelname)s:%(name)s:%(message)s")
    ^^^^^^^^^^^^^^^^^^^
AttributeError: module 'flask.logging' has no attribute 'basicConfig'
[2024-10-19 01:22:39 +0000] [3718] [INFO] Worker exiting (pid: 3718)
[2024-10-19 01:22:39 +0000] [3715] [ERROR] Worker (pid:3718) exited with code 3
[2024-10-19 01:23:43 +0000] [3753] [INFO] Starting gunicorn 23.0.0
[2024-10-19 01:23:43 +0000] [3753] [INFO] Listening at: unix:peak2.sock (3753)
[2024-10-19 01:23:43 +0000] [3753] [INFO] Using worker: sync
[2024-10-19 01:23:43 +0000] [3754] [INFO] Booting worker with pid: 3754
[2024-10-19 01:23:43 +0000] [3755] [INFO] Booting worker with pid: 3755
[2024-10-19 01:23:43 +0000] [3756] [INFO] Booting worker with pid: 3756
[2024-10-19 01:23:43 +0000] [3754] [ERROR] Exception in worker process
Traceback (most recent call last):
  File "/home/rbradley/FlaskApp/flaskapp/lib/python3.12/site-packages/gunicorn/arbiter.py", line 608, in spawn_worker
    worker.init_process()
  File "/home/rbradley/FlaskApp/flaskapp/lib/python3.12/site-packages/gunicorn/workers/base.py", line 135, in init_process
    self.load_wsgi()
  File "/home/rbradley/FlaskApp/flaskapp/lib/python3.12/site-packages/gunicorn/workers/base.py", line 147, in load_wsgi
    self.wsgi = self.app.wsgi()
                ^^^^^^^^^^^^^^^
  File "/home/rbradley/FlaskApp/flaskapp/lib/python3.12/site-packages/gunicorn/app/base.py", line 66, in wsgi
    self.callable = self.load()
                    ^^^^^^^^^^^
  File "/home/rbradley/FlaskApp/flaskapp/lib/python3.12/site-packages/gunicorn/app/wsgiapp.py", line 57, in load
    return self.load_wsgiapp()
           ^^^^^^^^^^^^^^^^^^^
  File "/home/rbradley/FlaskApp/flaskapp/lib/python3.12/site-packages/gunicorn/app/wsgiapp.py", line 47, in load_wsgiapp
    return util.import_app(self.app_uri)
           ^^^^^^^^^^^^^^^^^^^^^^^^^^^^^
  File "/home/rbradley/FlaskApp/flaskapp/lib/python3.12/site-packages/gunicorn/util.py", line 370, in import_app
    mod = importlib.import_module(module)
          ^^^^^^^^^^^^^^^^^^^^^^^^^^^^^^^
  File "/usr/lib/python3.12/importlib/__init__.py", line 90, in import_module
    return _bootstrap._gcd_import(name[level:], package, level)
           ^^^^^^^^^^^^^^^^^^^^^^^^^^^^^^^^^^^^^^^^^^^^^^^^^^^^
  File "<frozen importlib._bootstrap>", line 1387, in _gcd_import
  File "<frozen importlib._bootstrap>", line 1360, in _find_and_load
  File "<frozen importlib._bootstrap>", line 1331, in _find_and_load_unlocked
  File "<frozen importlib._bootstrap>", line 935, in _load_unlocked
  File "<frozen importlib._bootstrap_external>", line 995, in exec_module
  File "<frozen importlib._bootstrap>", line 488, in _call_with_frames_removed
  File "/home/rbradley/FlaskApp/hike/wsgi.py", line 1, in <module>
    from peak import app
  File "/home/rbradley/FlaskApp/hike/peak.py", line 4, in <module>
    logging.basicConfig(filename='flaskapp2.log', format="%(levelname)s:%(name)s:%(message)s")
    ^^^^^^^^^^^^^^^^^^^
AttributeError: module 'flask.logging' has no attribute 'basicConfig'
[2024-10-19 01:23:43 +0000] [3754] [INFO] Worker exiting (pid: 3754)
[2024-10-19 01:23:44 +0000] [3753] [ERROR] Worker (pid:3754) exited with code 3
[2024-10-19 01:23:44 +0000] [3755] [ERROR] Exception in worker process
Traceback (most recent call last):
  File "/home/rbradley/FlaskApp/flaskapp/lib/python3.12/site-packages/gunicorn/arbiter.py", line 608, in spawn_worker
    worker.init_process()
  File "/home/rbradley/FlaskApp/flaskapp/lib/python3.12/site-packages/gunicorn/workers/base.py", line 135, in init_process
    self.load_wsgi()
  File "/home/rbradley/FlaskApp/flaskapp/lib/python3.12/site-packages/gunicorn/workers/base.py", line 147, in load_wsgi
    self.wsgi = self.app.wsgi()
                ^^^^^^^^^^^^^^^
  File "/home/rbradley/FlaskApp/flaskapp/lib/python3.12/site-packages/gunicorn/app/base.py", line 66, in wsgi
    self.callable = self.load()
                    ^^^^^^^^^^^
  File "/home/rbradley/FlaskApp/flaskapp/lib/python3.12/site-packages/gunicorn/app/wsgiapp.py", line 57, in load
    return self.load_wsgiapp()
           ^^^^^^^^^^^^^^^^^^^
  File "/home/rbradley/FlaskApp/flaskapp/lib/python3.12/site-packages/gunicorn/app/wsgiapp.py", line 47, in load_wsgiapp
    return util.import_app(self.app_uri)
           ^^^^^^^^^^^^^^^^^^^^^^^^^^^^^
  File "/home/rbradley/FlaskApp/flaskapp/lib/python3.12/site-packages/gunicorn/util.py", line 370, in import_app
    mod = importlib.import_module(module)
          ^^^^^^^^^^^^^^^^^^^^^^^^^^^^^^^
  File "/usr/lib/python3.12/importlib/__init__.py", line 90, in import_module
    return _bootstrap._gcd_import(name[level:], package, level)
           ^^^^^^^^^^^^^^^^^^^^^^^^^^^^^^^^^^^^^^^^^^^^^^^^^^^^
  File "<frozen importlib._bootstrap>", line 1387, in _gcd_import
  File "<frozen importlib._bootstrap>", line 1360, in _find_and_load
  File "<frozen importlib._bootstrap>", line 1331, in _find_and_load_unlocked
  File "<frozen importlib._bootstrap>", line 935, in _load_unlocked
  File "<frozen importlib._bootstrap_external>", line 995, in exec_module
  File "<frozen importlib._bootstrap>", line 488, in _call_with_frames_removed
  File "/home/rbradley/FlaskApp/hike/wsgi.py", line 1, in <module>
    from peak import app
  File "/home/rbradley/FlaskApp/hike/peak.py", line 4, in <module>
    logging.basicConfig(filename='flaskapp2.log', format="%(levelname)s:%(name)s:%(message)s")
    ^^^^^^^^^^^^^^^^^^^
AttributeError: module 'flask.logging' has no attribute 'basicConfig'
[2024-10-19 01:23:44 +0000] [3755] [INFO] Worker exiting (pid: 3755)
[2024-10-19 01:23:44 +0000] [3756] [ERROR] Exception in worker process
Traceback (most recent call last):
  File "/home/rbradley/FlaskApp/flaskapp/lib/python3.12/site-packages/gunicorn/arbiter.py", line 608, in spawn_worker
    worker.init_process()
  File "/home/rbradley/FlaskApp/flaskapp/lib/python3.12/site-packages/gunicorn/workers/base.py", line 135, in init_process
    self.load_wsgi()
  File "/home/rbradley/FlaskApp/flaskapp/lib/python3.12/site-packages/gunicorn/workers/base.py", line 147, in load_wsgi
    self.wsgi = self.app.wsgi()
                ^^^^^^^^^^^^^^^
  File "/home/rbradley/FlaskApp/flaskapp/lib/python3.12/site-packages/gunicorn/app/base.py", line 66, in wsgi
    self.callable = self.load()
                    ^^^^^^^^^^^
  File "/home/rbradley/FlaskApp/flaskapp/lib/python3.12/site-packages/gunicorn/app/wsgiapp.py", line 57, in load
    return self.load_wsgiapp()
           ^^^^^^^^^^^^^^^^^^^
  File "/home/rbradley/FlaskApp/flaskapp/lib/python3.12/site-packages/gunicorn/app/wsgiapp.py", line 47, in load_wsgiapp
    return util.import_app(self.app_uri)
           ^^^^^^^^^^^^^^^^^^^^^^^^^^^^^
  File "/home/rbradley/FlaskApp/flaskapp/lib/python3.12/site-packages/gunicorn/util.py", line 370, in import_app
    mod = importlib.import_module(module)
          ^^^^^^^^^^^^^^^^^^^^^^^^^^^^^^^
  File "/usr/lib/python3.12/importlib/__init__.py", line 90, in import_module
    return _bootstrap._gcd_import(name[level:], package, level)
           ^^^^^^^^^^^^^^^^^^^^^^^^^^^^^^^^^^^^^^^^^^^^^^^^^^^^
  File "<frozen importlib._bootstrap>", line 1387, in _gcd_import
  File "<frozen importlib._bootstrap>", line 1360, in _find_and_load
  File "<frozen importlib._bootstrap>", line 1331, in _find_and_load_unlocked
  File "<frozen importlib._bootstrap>", line 935, in _load_unlocked
  File "<frozen importlib._bootstrap_external>", line 995, in exec_module
  File "<frozen importlib._bootstrap>", line 488, in _call_with_frames_removed
  File "/home/rbradley/FlaskApp/hike/wsgi.py", line 1, in <module>
    from peak import app
  File "/home/rbradley/FlaskApp/hike/peak.py", line 4, in <module>
    logging.basicConfig(filename='flaskapp2.log', format="%(levelname)s:%(name)s:%(message)s")
    ^^^^^^^^^^^^^^^^^^^
AttributeError: module 'flask.logging' has no attribute 'basicConfig'
[2024-10-19 01:23:44 +0000] [3756] [INFO] Worker exiting (pid: 3756)
[2024-10-19 01:23:44 +0000] [3753] [ERROR] Worker (pid:3755) exited with code 3
[2024-10-19 01:30:25 +0000] [3779] [INFO] Starting gunicorn 23.0.0
[2024-10-19 01:30:25 +0000] [3779] [INFO] Listening at: unix:peak2.sock (3779)
[2024-10-19 01:30:25 +0000] [3779] [INFO] Using worker: sync
[2024-10-19 01:30:25 +0000] [3780] [INFO] Booting worker with pid: 3780
[2024-10-19 01:30:25 +0000] [3781] [INFO] Booting worker with pid: 3781
[2024-10-19 01:30:25 +0000] [3782] [INFO] Booting worker with pid: 3782
[2024-10-19 01:33:09 +0000] [3779] [INFO] Handling signal: term
[2024-10-19 01:33:09 +0000] [3780] [INFO] Worker exiting (pid: 3780)
[2024-10-19 01:33:09 +0000] [3781] [INFO] Worker exiting (pid: 3781)
[2024-10-19 01:33:09 +0000] [3782] [INFO] Worker exiting (pid: 3782)
[2024-10-19 01:33:09 +0000] [3779] [ERROR] Worker (pid:3781) was sent SIGTERM!
[2024-10-19 01:33:09 +0000] [3779] [ERROR] Worker (pid:3780) was sent SIGTERM!
[2024-10-19 01:33:09 +0000] [3779] [ERROR] Worker (pid:3782) was sent SIGTERM!
[2024-10-19 01:33:09 +0000] [3779] [INFO] Shutting down: Master
[2024-10-19 01:33:10 +0000] [3839] [INFO] Starting gunicorn 23.0.0
[2024-10-19 01:33:10 +0000] [3839] [INFO] Listening at: unix:peak2.sock (3839)
[2024-10-19 01:33:10 +0000] [3839] [INFO] Using worker: sync
[2024-10-19 01:33:10 +0000] [3840] [INFO] Booting worker with pid: 3840
[2024-10-19 01:33:10 +0000] [3841] [INFO] Booting worker with pid: 3841
[2024-10-19 01:33:10 +0000] [3842] [INFO] Booting worker with pid: 3842
[2024-10-19 01:47:51 +0000] [3839] [INFO] Handling signal: term
[2024-10-19 01:47:51 +0000] [3840] [INFO] Worker exiting (pid: 3840)
[2024-10-19 01:47:51 +0000] [3841] [INFO] Worker exiting (pid: 3841)
[2024-10-19 01:47:51 +0000] [3842] [INFO] Worker exiting (pid: 3842)
[2024-10-19 01:47:51 +0000] [3839] [INFO] Shutting down: Master
[2024-10-19 01:47:51 +0000] [3982] [INFO] Starting gunicorn 23.0.0
[2024-10-19 01:47:51 +0000] [3982] [INFO] Listening at: unix:peak2.sock (3982)
[2024-10-19 01:47:51 +0000] [3982] [INFO] Using worker: sync
[2024-10-19 01:47:51 +0000] [3984] [INFO] Booting worker with pid: 3984
[2024-10-19 01:47:52 +0000] [3985] [INFO] Booting worker with pid: 3985
[2024-10-19 01:47:52 +0000] [3986] [INFO] Booting worker with pid: 3986
[2024-10-19 10:38:29 +0000] [3982] [INFO] Handling signal: term
[2024-10-19 10:38:29 +0000] [3984] [INFO] Worker exiting (pid: 3984)
[2024-10-19 10:38:29 +0000] [3985] [INFO] Worker exiting (pid: 3985)
[2024-10-19 10:38:29 +0000] [3986] [INFO] Worker exiting (pid: 3986)
[2024-10-19 10:38:29 +0000] [3982] [ERROR] Worker (pid:3984) was sent SIGTERM!
[2024-10-19 10:38:29 +0000] [3982] [ERROR] Worker (pid:3985) was sent SIGTERM!
[2024-10-19 10:38:29 +0000] [3982] [ERROR] Worker (pid:3986) was sent SIGTERM!
[2024-10-19 10:38:29 +0000] [3982] [INFO] Shutting down: Master
[2024-10-21 21:49:35 +0000] [536] [INFO] Starting gunicorn 23.0.0
[2024-10-21 21:49:35 +0000] [536] [INFO] Listening at: unix:peak2.sock (536)
[2024-10-21 21:49:35 +0000] [536] [INFO] Using worker: sync
[2024-10-21 21:49:35 +0000] [737] [INFO] Booting worker with pid: 737
[2024-10-21 21:49:35 +0000] [751] [INFO] Booting worker with pid: 751
[2024-10-21 21:49:35 +0000] [754] [INFO] Booting worker with pid: 754
[2024-10-22 04:10:53 +0000] [536] [INFO] Handling signal: term
[2024-10-22 04:10:53 +0000] [751] [INFO] Worker exiting (pid: 751)
[2024-10-22 04:10:53 +0000] [754] [INFO] Worker exiting (pid: 754)
[2024-10-22 04:10:53 +0000] [737] [INFO] Worker exiting (pid: 737)
[2024-10-22 04:10:54 +0000] [536] [ERROR] Worker (pid:751) was sent SIGTERM!
[2024-10-22 04:10:54 +0000] [536] [INFO] Shutting down: Master
[2024-10-22 23:11:46 +0000] [538] [INFO] Starting gunicorn 23.0.0
[2024-10-22 23:11:46 +0000] [538] [INFO] Listening at: unix:peak2.sock (538)
[2024-10-22 23:11:46 +0000] [538] [INFO] Using worker: sync
[2024-10-22 23:11:46 +0000] [727] [INFO] Booting worker with pid: 727
[2024-10-22 23:11:47 +0000] [730] [INFO] Booting worker with pid: 730
[2024-10-22 23:11:47 +0000] [738] [INFO] Booting worker with pid: 738
[2024-10-23 02:24:27 +0000] [538] [INFO] Handling signal: term
[2024-10-23 02:24:27 +0000] [727] [INFO] Worker exiting (pid: 727)
[2024-10-23 02:24:27 +0000] [730] [INFO] Worker exiting (pid: 730)
[2024-10-23 02:24:27 +0000] [738] [INFO] Worker exiting (pid: 738)
[2024-10-23 02:24:28 +0000] [538] [INFO] Shutting down: Master
[2024-10-23 21:23:19 +0000] [549] [INFO] Starting gunicorn 23.0.0
[2024-10-23 21:23:19 +0000] [549] [INFO] Listening at: unix:peak2.sock (549)
[2024-10-23 21:23:19 +0000] [549] [INFO] Using worker: sync
[2024-10-23 21:23:19 +0000] [737] [INFO] Booting worker with pid: 737
[2024-10-23 21:23:20 +0000] [758] [INFO] Booting worker with pid: 758
[2024-10-23 21:23:20 +0000] [769] [INFO] Booting worker with pid: 769
[2024-10-24 01:58:54 +0000] [549] [INFO] Handling signal: term
[2024-10-24 01:58:54 +0000] [737] [INFO] Worker exiting (pid: 737)
[2024-10-24 01:58:54 +0000] [758] [INFO] Worker exiting (pid: 758)
[2024-10-24 01:58:54 +0000] [769] [INFO] Worker exiting (pid: 769)
[2024-10-24 01:58:54 +0000] [549] [INFO] Shutting down: Master
[2024-10-24 19:34:29 +0000] [547] [INFO] Starting gunicorn 23.0.0
[2024-10-24 19:34:29 +0000] [547] [INFO] Listening at: unix:peak2.sock (547)
[2024-10-24 19:34:29 +0000] [547] [INFO] Using worker: sync
[2024-10-24 19:34:29 +0000] [756] [INFO] Booting worker with pid: 756
[2024-10-24 19:34:29 +0000] [762] [INFO] Booting worker with pid: 762
[2024-10-24 19:34:29 +0000] [773] [INFO] Booting worker with pid: 773
[2024-10-24 20:10:10 +0000] [756] [INFO] Worker exiting (pid: 756)
[2024-10-24 20:10:10 +0000] [762] [INFO] Worker exiting (pid: 762)
[2024-10-24 20:10:10 +0000] [773] [INFO] Worker exiting (pid: 773)
[2024-10-24 20:10:10 +0000] [547] [INFO] Handling signal: term
[2024-10-24 20:10:10 +0000] [547] [ERROR] Worker (pid:756) was sent SIGTERM!
[2024-10-24 20:10:10 +0000] [547] [ERROR] Worker (pid:773) was sent SIGTERM!
[2024-10-24 20:10:10 +0000] [547] [ERROR] Worker (pid:762) was sent SIGTERM!
[2024-10-24 20:10:10 +0000] [547] [INFO] Shutting down: Master
[2024-10-24 21:36:50 +0000] [552] [INFO] Starting gunicorn 23.0.0
[2024-10-24 21:36:50 +0000] [552] [INFO] Listening at: unix:peak2.sock (552)
[2024-10-24 21:36:50 +0000] [552] [INFO] Using worker: sync
[2024-10-24 21:36:50 +0000] [759] [INFO] Booting worker with pid: 759
[2024-10-24 21:36:51 +0000] [765] [INFO] Booting worker with pid: 765
[2024-10-24 21:36:51 +0000] [768] [INFO] Booting worker with pid: 768
[2024-10-24 23:46:13 +0000] [768] [INFO] Worker exiting (pid: 768)
[2024-10-24 23:46:13 +0000] [552] [INFO] Handling signal: term
[2024-10-24 23:46:13 +0000] [765] [INFO] Worker exiting (pid: 765)
[2024-10-24 23:46:13 +0000] [759] [INFO] Worker exiting (pid: 759)
[2024-10-24 23:46:13 +0000] [552] [ERROR] Worker (pid:759) was sent SIGTERM!
[2024-10-24 23:46:13 +0000] [552] [ERROR] Worker (pid:768) was sent SIGTERM!
[2024-10-24 23:46:13 +0000] [552] [ERROR] Worker (pid:765) was sent SIGTERM!
[2024-10-24 23:46:13 +0000] [552] [INFO] Shutting down: Master
[2024-10-25 16:32:26 +0000] [553] [INFO] Starting gunicorn 23.0.0
[2024-10-25 16:32:26 +0000] [553] [INFO] Listening at: unix:peak2.sock (553)
[2024-10-25 16:32:26 +0000] [553] [INFO] Using worker: sync
[2024-10-25 16:32:26 +0000] [749] [INFO] Booting worker with pid: 749
[2024-10-25 16:32:26 +0000] [753] [INFO] Booting worker with pid: 753
[2024-10-25 16:32:26 +0000] [764] [INFO] Booting worker with pid: 764
